[20-Dec-2025 23:48:40 Europe/Berlin] AuthService: Login attempt for identifier: 'admin_users'
[20-Dec-2025 23:48:40 Europe/Berlin] UserRepository: Searching for user with identifier: 'admin_users'
[20-Dec-2025 23:48:40 Europe/Berlin] UserRepository: User found - ID: 1, Username: admin_users, Email: admin@unilink.com, Role: ADMIN
[20-Dec-2025 23:48:40 Europe/Berlin] AuthService: User found, verifying password for user ID: 1
[20-Dec-2025 23:48:40 Europe/Berlin] AuthService: Password verified successfully for user ID: 1
[20-Dec-2025 23:48:40 Europe/Berlin] AuthService - User ID: 1, DB Role: 'ADMIN', Normalized Role: 'ADMIN'
[20-Dec-2025 23:48:41 Europe/Berlin] AuthService - Model Role: 'Admin'
[20-Dec-2025 23:48:41 Europe/Berlin] Session created for user: 1, Session ID: 09bqc2v7hg27gmk9lal3dkjac0
[20-Dec-2025 23:48:41 Europe/Berlin] Session data: {"user":{"id":1,"username":"admin_users","email":"admin@unilink.com","role":"Admin"}}
[20-Dec-2025 23:48:41 Europe/Berlin] Login redirect - User ID: 1, Role: 'Admin', Uppercase: 'ADMIN', Redirect: '/admin/dashboard'
[20-Dec-2025 23:48:42 Europe/Berlin] Checking session, Session ID: 09bqc2v7hg27gmk9lal3dkjac0
[20-Dec-2025 23:48:42 Europe/Berlin] Session data: {"user":{"id":1,"username":"admin_users","email":"admin@unilink.com","role":"Admin"}}
[20-Dec-2025 23:48:42 Europe/Berlin] getCurrentUser - User data: {"id":1,"username":"admin_users","email":"admin@unilink.com","role":"Admin"}
[20-Dec-2025 23:48:42 Europe/Berlin] getCurrentUser - Response data: {"authenticated":true,"user":{"id":1,"username":"admin_users","email":"admin@unilink.com","role":"Admin"}}
[20-Dec-2025 23:49:58 Europe/Berlin] Static file request - URI: /uploads/media/media_6946b8564bf6b.jpg, Normalized: /uploads/media/media_6946b8564bf6b.jpg, Path: C:\Develope Tools\xamp\htdocs\backend/uploads/media/media_6946b8564bf6b.jpg, Exists: no, IsFile: no
[20-Dec-2025 23:49:58 Europe/Berlin] Static file not found: {"request_uri":"\/uploads\/media\/media_6946b8564bf6b.jpg","normalized_uri":"\/uploads\/media\/media_6946b8564bf6b.jpg","file_path":"C:\\Develope Tools\\xamp\\htdocs\\backend\/uploads\/media\/media_6946b8564bf6b.jpg","file_exists":false,"is_file":false,"is_dir":false,"parent_dir_exists":true}
[20-Dec-2025 23:49:58 Europe/Berlin] Static file request - URI: /uploads/media/media_6946bafc5b4d3.jpg, Normalized: /uploads/media/media_6946bafc5b4d3.jpg, Path: C:\Develope Tools\xamp\htdocs\backend/uploads/media/media_6946bafc5b4d3.jpg, Exists: no, IsFile: no
[20-Dec-2025 23:49:58 Europe/Berlin] Static file not found: {"request_uri":"\/uploads\/media\/media_6946bafc5b4d3.jpg","normalized_uri":"\/uploads\/media\/media_6946bafc5b4d3.jpg","file_path":"C:\\Develope Tools\\xamp\\htdocs\\backend\/uploads\/media\/media_6946bafc5b4d3.jpg","file_exists":false,"is_file":false,"is_dir":false,"parent_dir_exists":true}
[20-Dec-2025 23:50:54 Europe/Berlin] Incoming request data: {"name":"q","password":"123456","faculty_id":"1","professor_id":"3"}
[20-Dec-2025 23:50:54 Europe/Berlin] Filtering complete. Data for repository: {"name":"q","password":"123456","faculty_id":"1","professor_id":"3","photo_url":"uploads\/room_photos\/6947284e80c54_1766271054.jpg","owner_id":1}
[20-Dec-2025 23:50:54 Europe/Berlin] Room creation failed: Validation failed: {"name":["name must be at least 3 characters"]}
[20-Dec-2025 23:50:54 Europe/Berlin] Payload: {"name":"q","password":"123456","faculty_id":"1","professor_id":"3","photo_url":"uploads\/room_photos\/6947284e80c54_1766271054.jpg","owner_id":1}
[20-Dec-2025 23:51:35 Europe/Berlin] Static file request - URI: /uploads/media/media_6946bafc5b4d3.jpg, Normalized: /uploads/media/media_6946bafc5b4d3.jpg, Path: C:\Develope Tools\xamp\htdocs\backend/uploads/media/media_6946bafc5b4d3.jpg, Exists: no, IsFile: no
[20-Dec-2025 23:51:35 Europe/Berlin] Static file not found: {"request_uri":"\/uploads\/media\/media_6946bafc5b4d3.jpg","normalized_uri":"\/uploads\/media\/media_6946bafc5b4d3.jpg","file_path":"C:\\Develope Tools\\xamp\\htdocs\\backend\/uploads\/media\/media_6946bafc5b4d3.jpg","file_exists":false,"is_file":false,"is_dir":false,"parent_dir_exists":true}
[20-Dec-2025 23:51:35 Europe/Berlin] Static file request - URI: /uploads/media/media_6946b8564bf6b.jpg, Normalized: /uploads/media/media_6946b8564bf6b.jpg, Path: C:\Develope Tools\xamp\htdocs\backend/uploads/media/media_6946b8564bf6b.jpg, Exists: no, IsFile: no
[20-Dec-2025 23:51:35 Europe/Berlin] Static file not found: {"request_uri":"\/uploads\/media\/media_6946b8564bf6b.jpg","normalized_uri":"\/uploads\/media\/media_6946b8564bf6b.jpg","file_path":"C:\\Develope Tools\\xamp\\htdocs\\backend\/uploads\/media\/media_6946b8564bf6b.jpg","file_exists":false,"is_file":false,"is_dir":false,"parent_dir_exists":true}
[20-Dec-2025 23:51:41 Europe/Berlin] Checking session, Session ID: 09bqc2v7hg27gmk9lal3dkjac0
[20-Dec-2025 23:51:41 Europe/Berlin] Session data: {"user":{"id":1,"username":"admin_users","email":"admin@unilink.com","role":"Admin"}}
[20-Dec-2025 23:51:41 Europe/Berlin] getCurrentUser - User data: {"id":1,"username":"admin_users","email":"admin@unilink.com","role":"Admin"}
[20-Dec-2025 23:51:41 Europe/Berlin] getCurrentUser - Response data: {"authenticated":true,"user":{"id":1,"username":"admin_users","email":"admin@unilink.com","role":"Admin"}}
[20-Dec-2025 23:51:51 Europe/Berlin] Static file request - URI: /uploads/media/media_6946bafc5b4d3.jpg, Normalized: /uploads/media/media_6946bafc5b4d3.jpg, Path: C:\Develope Tools\xamp\htdocs\backend/uploads/media/media_6946bafc5b4d3.jpg, Exists: no, IsFile: no
[20-Dec-2025 23:51:51 Europe/Berlin] Static file not found: {"request_uri":"\/uploads\/media\/media_6946bafc5b4d3.jpg","normalized_uri":"\/uploads\/media\/media_6946bafc5b4d3.jpg","file_path":"C:\\Develope Tools\\xamp\\htdocs\\backend\/uploads\/media\/media_6946bafc5b4d3.jpg","file_exists":false,"is_file":false,"is_dir":false,"parent_dir_exists":true}
[20-Dec-2025 23:51:51 Europe/Berlin] Static file request - URI: /uploads/media/media_6946b8564bf6b.jpg, Normalized: /uploads/media/media_6946b8564bf6b.jpg, Path: C:\Develope Tools\xamp\htdocs\backend/uploads/media/media_6946b8564bf6b.jpg, Exists: no, IsFile: no
[20-Dec-2025 23:51:51 Europe/Berlin] Static file not found: {"request_uri":"\/uploads\/media\/media_6946b8564bf6b.jpg","normalized_uri":"\/uploads\/media\/media_6946b8564bf6b.jpg","file_path":"C:\\Develope Tools\\xamp\\htdocs\\backend\/uploads\/media\/media_6946b8564bf6b.jpg","file_exists":false,"is_file":false,"is_dir":false,"parent_dir_exists":true}
[20-Dec-2025 23:51:53 Europe/Berlin] Checking session, Session ID: 09bqc2v7hg27gmk9lal3dkjac0
[20-Dec-2025 23:51:53 Europe/Berlin] Session data: {"user":{"id":1,"username":"admin_users","email":"admin@unilink.com","role":"Admin"}}
[20-Dec-2025 23:51:53 Europe/Berlin] getCurrentUser - User data: {"id":1,"username":"admin_users","email":"admin@unilink.com","role":"Admin"}
[20-Dec-2025 23:51:53 Europe/Berlin] getCurrentUser - Response data: {"authenticated":true,"user":{"id":1,"username":"admin_users","email":"admin@unilink.com","role":"Admin"}}
[20-Dec-2025 23:52:15 Europe/Berlin] AuthService: Login attempt for identifier: 'student_users'
[20-Dec-2025 23:52:15 Europe/Berlin] UserRepository: Searching for user with identifier: 'student_users'
[20-Dec-2025 23:52:15 Europe/Berlin] UserRepository: User found - ID: 2, Username: student_users, Email: student@unilink.com, Role: STUDENT
[20-Dec-2025 23:52:15 Europe/Berlin] AuthService: User found, verifying password for user ID: 2
[20-Dec-2025 23:52:15 Europe/Berlin] AuthService: Password verified successfully for user ID: 2
[20-Dec-2025 23:52:15 Europe/Berlin] AuthService - User ID: 2, DB Role: 'STUDENT', Normalized Role: 'STUDENT'
[20-Dec-2025 23:52:15 Europe/Berlin] AuthService - Model Role: 'Student'
[20-Dec-2025 23:52:15 Europe/Berlin] Session created for user: 2, Session ID: 09bqc2v7hg27gmk9lal3dkjac0
[20-Dec-2025 23:52:15 Europe/Berlin] Session data: {"user":{"id":2,"username":"student_users","email":"student@unilink.com","role":"Student"}}
[20-Dec-2025 23:52:15 Europe/Berlin] Login redirect - User ID: 2, Role: 'Student', Uppercase: 'STUDENT', Redirect: '/posts'
[20-Dec-2025 23:52:17 Europe/Berlin] Static file request - URI: /uploads/media/media_6946bafc5b4d3.jpg, Normalized: /uploads/media/media_6946bafc5b4d3.jpg, Path: C:\Develope Tools\xamp\htdocs\backend/uploads/media/media_6946bafc5b4d3.jpg, Exists: no, IsFile: no
[20-Dec-2025 23:52:17 Europe/Berlin] Static file not found: {"request_uri":"\/uploads\/media\/media_6946bafc5b4d3.jpg","normalized_uri":"\/uploads\/media\/media_6946bafc5b4d3.jpg","file_path":"C:\\Develope Tools\\xamp\\htdocs\\backend\/uploads\/media\/media_6946bafc5b4d3.jpg","file_exists":false,"is_file":false,"is_dir":false,"parent_dir_exists":true}
[20-Dec-2025 23:52:17 Europe/Berlin] Static file request - URI: /uploads/media/media_6946b8564bf6b.jpg, Normalized: /uploads/media/media_6946b8564bf6b.jpg, Path: C:\Develope Tools\xamp\htdocs\backend/uploads/media/media_6946b8564bf6b.jpg, Exists: no, IsFile: no
[20-Dec-2025 23:52:17 Europe/Berlin] Static file not found: {"request_uri":"\/uploads\/media\/media_6946b8564bf6b.jpg","normalized_uri":"\/uploads\/media\/media_6946b8564bf6b.jpg","file_path":"C:\\Develope Tools\\xamp\\htdocs\\backend\/uploads\/media\/media_6946b8564bf6b.jpg","file_exists":false,"is_file":false,"is_dir":false,"parent_dir_exists":true}
[20-Dec-2025 23:52:19 Europe/Berlin] Checking session, Session ID: 09bqc2v7hg27gmk9lal3dkjac0
[20-Dec-2025 23:52:19 Europe/Berlin] Session data: {"user":{"id":2,"username":"student_users","email":"student@unilink.com","role":"Student"}}
[20-Dec-2025 23:52:19 Europe/Berlin] getCurrentUser - User data: {"id":2,"username":"student_users","email":"student@unilink.com","role":"Student"}
[20-Dec-2025 23:52:19 Europe/Berlin] getCurrentUser - Response data: {"authenticated":true,"user":{"id":2,"username":"student_users","email":"student@unilink.com","role":"Student"}}
[20-Dec-2025 23:52:21 Europe/Berlin] Static file request - URI: /uploads/media/media_6946bafc5b4d3.jpg, Normalized: /uploads/media/media_6946bafc5b4d3.jpg, Path: C:\Develope Tools\xamp\htdocs\backend/uploads/media/media_6946bafc5b4d3.jpg, Exists: no, IsFile: no
[20-Dec-2025 23:52:21 Europe/Berlin] Static file not found: {"request_uri":"\/uploads\/media\/media_6946bafc5b4d3.jpg","normalized_uri":"\/uploads\/media\/media_6946bafc5b4d3.jpg","file_path":"C:\\Develope Tools\\xamp\\htdocs\\backend\/uploads\/media\/media_6946bafc5b4d3.jpg","file_exists":false,"is_file":false,"is_dir":false,"parent_dir_exists":true}
[20-Dec-2025 23:52:21 Europe/Berlin] Static file request - URI: /uploads/media/media_6946b8564bf6b.jpg, Normalized: /uploads/media/media_6946b8564bf6b.jpg, Path: C:\Develope Tools\xamp\htdocs\backend/uploads/media/media_6946b8564bf6b.jpg, Exists: no, IsFile: no
[20-Dec-2025 23:52:21 Europe/Berlin] Static file not found: {"request_uri":"\/uploads\/media\/media_6946b8564bf6b.jpg","normalized_uri":"\/uploads\/media\/media_6946b8564bf6b.jpg","file_path":"C:\\Develope Tools\\xamp\\htdocs\\backend\/uploads\/media\/media_6946b8564bf6b.jpg","file_exists":false,"is_file":false,"is_dir":false,"parent_dir_exists":true}
[20-Dec-2025 23:52:49 Europe/Berlin] Incoming request data: {"name":"jo","password":"123456","faculty_id":"1","professor_id":"3"}
[20-Dec-2025 23:52:49 Europe/Berlin] Filtering complete. Data for repository: {"name":"jo","password":"123456","faculty_id":"1","professor_id":"3","photo_url":"uploads\/room_photos\/694728c11ad08_1766271169.jpg","owner_id":2}
[20-Dec-2025 23:52:49 Europe/Berlin] Room creation failed: Validation failed: {"name":["name must be at least 3 characters"]}
[20-Dec-2025 23:52:49 Europe/Berlin] Payload: {"name":"jo","password":"123456","faculty_id":"1","professor_id":"3","photo_url":"uploads\/room_photos\/694728c11ad08_1766271169.jpg","owner_id":2}
[20-Dec-2025 23:52:53 Europe/Berlin] Incoming request data: {"name":"joe","password":"123456","faculty_id":"1","professor_id":"3"}
[20-Dec-2025 23:52:53 Europe/Berlin] Filtering complete. Data for repository: {"name":"joe","password":"123456","faculty_id":"1","professor_id":"3","photo_url":"uploads\/room_photos\/694728c50d48f_1766271173.jpg","owner_id":2}
[20-Dec-2025 23:52:53 Europe/Berlin] Room creation failed: SQLSTATE[42S22]: Column not found: 1054 Unknown column 'faculty_id' in 'field list'
[20-Dec-2025 23:52:53 Europe/Berlin] Payload: {"name":"joe","password":"123456","faculty_id":"1","professor_id":"3","photo_url":"uploads\/room_photos\/694728c50d48f_1766271173.jpg","owner_id":2}
[21-Dec-2025 16:16:17 Europe/Berlin] AuthService: Login attempt for identifier: 'admin_users'
[21-Dec-2025 16:16:17 Europe/Berlin] UserRepository: Searching for user with identifier: 'admin_users'
[21-Dec-2025 16:16:17 Europe/Berlin] UserRepository: User found - ID: 1, Username: admin_users, Email: admin@unilink.com, Role: ADMIN
[21-Dec-2025 16:16:17 Europe/Berlin] AuthService: User found, verifying password for user ID: 1
[21-Dec-2025 16:16:17 Europe/Berlin] AuthService: Password verified successfully for user ID: 1
[21-Dec-2025 16:16:17 Europe/Berlin] AuthService - User ID: 1, DB Role: 'ADMIN', Normalized Role: 'ADMIN'
[21-Dec-2025 16:16:17 Europe/Berlin] AuthService - Model Role: 'Admin'
[21-Dec-2025 16:16:17 Europe/Berlin] Session created for user: 1, Session ID: soi3946snn98ansq627b20d0pm
[21-Dec-2025 16:16:17 Europe/Berlin] Session data: {"user":{"id":1,"username":"admin_users","email":"admin@unilink.com","role":"Admin"}}
[21-Dec-2025 16:16:17 Europe/Berlin] Login redirect - User ID: 1, Role: 'Admin', Uppercase: 'ADMIN', Redirect: '/admin/dashboard'
[21-Dec-2025 16:16:19 Europe/Berlin] Checking session, Session ID: soi3946snn98ansq627b20d0pm
[21-Dec-2025 16:16:19 Europe/Berlin] Session data: {"user":{"id":1,"username":"admin_users","email":"admin@unilink.com","role":"Admin"}}
[21-Dec-2025 16:16:19 Europe/Berlin] getCurrentUser - User data: {"id":1,"username":"admin_users","email":"admin@unilink.com","role":"Admin"}
[21-Dec-2025 16:16:19 Europe/Berlin] getCurrentUser - Response data: {"authenticated":true,"user":{"id":1,"username":"admin_users","email":"admin@unilink.com","role":"Admin"}}
[21-Dec-2025 16:17:14 Europe/Berlin] Static file request - URI: /uploads/room_photos/6946f28cbc684_1766257292.png, Normalized: /uploads/room_photos/6946f28cbc684_1766257292.png, Path: C:\Develope Tools\xamp\htdocs\backend/uploads/room_photos/6946f28cbc684_1766257292.png, Exists: no, IsFile: no
[21-Dec-2025 16:17:14 Europe/Berlin] Static file not found: {"request_uri":"\/uploads\/room_photos\/6946f28cbc684_1766257292.png","normalized_uri":"\/uploads\/room_photos\/6946f28cbc684_1766257292.png","file_path":"C:\\Develope Tools\\xamp\\htdocs\\backend\/uploads\/room_photos\/6946f28cbc684_1766257292.png","file_exists":false,"is_file":false,"is_dir":false,"parent_dir_exists":true}
[21-Dec-2025 16:17:14 Europe/Berlin] Static file request - URI: /uploads/room_photos/6946b08dabbe4_1766240397.png, Normalized: /uploads/room_photos/6946b08dabbe4_1766240397.png, Path: C:\Develope Tools\xamp\htdocs\backend/uploads/room_photos/6946b08dabbe4_1766240397.png, Exists: no, IsFile: no
[21-Dec-2025 16:17:14 Europe/Berlin] Static file not found: {"request_uri":"\/uploads\/room_photos\/6946b08dabbe4_1766240397.png","normalized_uri":"\/uploads\/room_photos\/6946b08dabbe4_1766240397.png","file_path":"C:\\Develope Tools\\xamp\\htdocs\\backend\/uploads\/room_photos\/6946b08dabbe4_1766240397.png","file_exists":false,"is_file":false,"is_dir":false,"parent_dir_exists":true}
[21-Dec-2025 16:17:14 Europe/Berlin] Static file request - URI: /uploads/room_photos/6946b04f74161_1766240335.png, Normalized: /uploads/room_photos/6946b04f74161_1766240335.png, Path: C:\Develope Tools\xamp\htdocs\backend/uploads/room_photos/6946b04f74161_1766240335.png, Exists: no, IsFile: no
[21-Dec-2025 16:17:14 Europe/Berlin] Static file not found: {"request_uri":"\/uploads\/room_photos\/6946b04f74161_1766240335.png","normalized_uri":"\/uploads\/room_photos\/6946b04f74161_1766240335.png","file_path":"C:\\Develope Tools\\xamp\\htdocs\\backend\/uploads\/room_photos\/6946b04f74161_1766240335.png","file_exists":false,"is_file":false,"is_dir":false,"parent_dir_exists":true}
[21-Dec-2025 16:17:14 Europe/Berlin] Static file request - URI: /uploads/room_photos/6946ab011278a_1766238977.png, Normalized: /uploads/room_photos/6946ab011278a_1766238977.png, Path: C:\Develope Tools\xamp\htdocs\backend/uploads/room_photos/6946ab011278a_1766238977.png, Exists: no, IsFile: no
[21-Dec-2025 16:17:14 Europe/Berlin] Static file not found: {"request_uri":"\/uploads\/room_photos\/6946ab011278a_1766238977.png","normalized_uri":"\/uploads\/room_photos\/6946ab011278a_1766238977.png","file_path":"C:\\Develope Tools\\xamp\\htdocs\\backend\/uploads\/room_photos\/6946ab011278a_1766238977.png","file_exists":false,"is_file":false,"is_dir":false,"parent_dir_exists":true}
[21-Dec-2025 16:17:14 Europe/Berlin] Static file request - URI: /uploads/room_photos/6946acc306b59_1766239427.png, Normalized: /uploads/room_photos/6946acc306b59_1766239427.png, Path: C:\Develope Tools\xamp\htdocs\backend/uploads/room_photos/6946acc306b59_1766239427.png, Exists: no, IsFile: no
[21-Dec-2025 16:17:14 Europe/Berlin] Static file not found: {"request_uri":"\/uploads\/room_photos\/6946acc306b59_1766239427.png","normalized_uri":"\/uploads\/room_photos\/6946acc306b59_1766239427.png","file_path":"C:\\Develope Tools\\xamp\\htdocs\\backend\/uploads\/room_photos\/6946acc306b59_1766239427.png","file_exists":false,"is_file":false,"is_dir":false,"parent_dir_exists":true}
[21-Dec-2025 16:17:47 Europe/Berlin] Static file request - URI: /uploads/room_photos/6946ab011278a_1766238977.png, Normalized: /uploads/room_photos/6946ab011278a_1766238977.png, Path: C:\Develope Tools\xamp\htdocs\backend/uploads/room_photos/6946ab011278a_1766238977.png, Exists: no, IsFile: no
[21-Dec-2025 16:17:47 Europe/Berlin] Static file not found: {"request_uri":"\/uploads\/room_photos\/6946ab011278a_1766238977.png","normalized_uri":"\/uploads\/room_photos\/6946ab011278a_1766238977.png","file_path":"C:\\Develope Tools\\xamp\\htdocs\\backend\/uploads\/room_photos\/6946ab011278a_1766238977.png","file_exists":false,"is_file":false,"is_dir":false,"parent_dir_exists":true}
[21-Dec-2025 16:17:47 Europe/Berlin] Static file request - URI: /uploads/room_photos/6946b08dabbe4_1766240397.png, Normalized: /uploads/room_photos/6946b08dabbe4_1766240397.png, Path: C:\Develope Tools\xamp\htdocs\backend/uploads/room_photos/6946b08dabbe4_1766240397.png, Exists: no, IsFile: no
[21-Dec-2025 16:17:47 Europe/Berlin] Static file not found: {"request_uri":"\/uploads\/room_photos\/6946b08dabbe4_1766240397.png","normalized_uri":"\/uploads\/room_photos\/6946b08dabbe4_1766240397.png","file_path":"C:\\Develope Tools\\xamp\\htdocs\\backend\/uploads\/room_photos\/6946b08dabbe4_1766240397.png","file_exists":false,"is_file":false,"is_dir":false,"parent_dir_exists":true}
[21-Dec-2025 16:17:47 Europe/Berlin] Static file request - URI: /uploads/room_photos/6946b04f74161_1766240335.png, Normalized: /uploads/room_photos/6946b04f74161_1766240335.png, Path: C:\Develope Tools\xamp\htdocs\backend/uploads/room_photos/6946b04f74161_1766240335.png, Exists: no, IsFile: no
[21-Dec-2025 16:17:47 Europe/Berlin] Static file not found: {"request_uri":"\/uploads\/room_photos\/6946b04f74161_1766240335.png","normalized_uri":"\/uploads\/room_photos\/6946b04f74161_1766240335.png","file_path":"C:\\Develope Tools\\xamp\\htdocs\\backend\/uploads\/room_photos\/6946b04f74161_1766240335.png","file_exists":false,"is_file":false,"is_dir":false,"parent_dir_exists":true}
[21-Dec-2025 16:17:47 Europe/Berlin] Static file request - URI: /uploads/room_photos/6946acc306b59_1766239427.png, Normalized: /uploads/room_photos/6946acc306b59_1766239427.png, Path: C:\Develope Tools\xamp\htdocs\backend/uploads/room_photos/6946acc306b59_1766239427.png, Exists: no, IsFile: no
[21-Dec-2025 16:17:47 Europe/Berlin] Static file not found: {"request_uri":"\/uploads\/room_photos\/6946acc306b59_1766239427.png","normalized_uri":"\/uploads\/room_photos\/6946acc306b59_1766239427.png","file_path":"C:\\Develope Tools\\xamp\\htdocs\\backend\/uploads\/room_photos\/6946acc306b59_1766239427.png","file_exists":false,"is_file":false,"is_dir":false,"parent_dir_exists":true}
[21-Dec-2025 16:18:38 Europe/Berlin] Incoming request data: {"name":"joejoe@unilink.com","description":"k","password":"1234","faculty_id":"3","professor_id":"54"}
[21-Dec-2025 16:18:38 Europe/Berlin] Filtering complete. Data for repository: {"name":"joejoe@unilink.com","description":"k","password":"1234","faculty_id":"3","professor_id":"54","owner_id":1}
[21-Dec-2025 16:18:39 Europe/Berlin] Static file request - URI: /uploads/room_photos/6946b04f74161_1766240335.png, Normalized: /uploads/room_photos/6946b04f74161_1766240335.png, Path: C:\Develope Tools\xamp\htdocs\backend/uploads/room_photos/6946b04f74161_1766240335.png, Exists: no, IsFile: no
[21-Dec-2025 16:18:39 Europe/Berlin] Static file not found: {"request_uri":"\/uploads\/room_photos\/6946b04f74161_1766240335.png","normalized_uri":"\/uploads\/room_photos\/6946b04f74161_1766240335.png","file_path":"C:\\Develope Tools\\xamp\\htdocs\\backend\/uploads\/room_photos\/6946b04f74161_1766240335.png","file_exists":false,"is_file":false,"is_dir":false,"parent_dir_exists":true}
[21-Dec-2025 16:18:39 Europe/Berlin] Static file request - URI: /uploads/room_photos/6946acc306b59_1766239427.png, Normalized: /uploads/room_photos/6946acc306b59_1766239427.png, Path: C:\Develope Tools\xamp\htdocs\backend/uploads/room_photos/6946acc306b59_1766239427.png, Exists: no, IsFile: no
[21-Dec-2025 16:18:39 Europe/Berlin] Static file not found: {"request_uri":"\/uploads\/room_photos\/6946acc306b59_1766239427.png","normalized_uri":"\/uploads\/room_photos\/6946acc306b59_1766239427.png","file_path":"C:\\Develope Tools\\xamp\\htdocs\\backend\/uploads\/room_photos\/6946acc306b59_1766239427.png","file_exists":false,"is_file":false,"is_dir":false,"parent_dir_exists":true}
[21-Dec-2025 16:18:39 Europe/Berlin] Static file request - URI: /uploads/room_photos/6946b08dabbe4_1766240397.png, Normalized: /uploads/room_photos/6946b08dabbe4_1766240397.png, Path: C:\Develope Tools\xamp\htdocs\backend/uploads/room_photos/6946b08dabbe4_1766240397.png, Exists: no, IsFile: no
[21-Dec-2025 16:18:39 Europe/Berlin] Static file not found: {"request_uri":"\/uploads\/room_photos\/6946b08dabbe4_1766240397.png","normalized_uri":"\/uploads\/room_photos\/6946b08dabbe4_1766240397.png","file_path":"C:\\Develope Tools\\xamp\\htdocs\\backend\/uploads\/room_photos\/6946b08dabbe4_1766240397.png","file_exists":false,"is_file":false,"is_dir":false,"parent_dir_exists":true}
[21-Dec-2025 16:18:39 Europe/Berlin] Static file request - URI: /uploads/room_photos/6946ab011278a_1766238977.png, Normalized: /uploads/room_photos/6946ab011278a_1766238977.png, Path: C:\Develope Tools\xamp\htdocs\backend/uploads/room_photos/6946ab011278a_1766238977.png, Exists: no, IsFile: no
[21-Dec-2025 16:18:39 Europe/Berlin] Static file not found: {"request_uri":"\/uploads\/room_photos\/6946ab011278a_1766238977.png","normalized_uri":"\/uploads\/room_photos\/6946ab011278a_1766238977.png","file_path":"C:\\Develope Tools\\xamp\\htdocs\\backend\/uploads\/room_photos\/6946ab011278a_1766238977.png","file_exists":false,"is_file":false,"is_dir":false,"parent_dir_exists":true}
[21-Dec-2025 16:18:49 Europe/Berlin] Static file request - URI: /uploads/room_photos/6946f28cbc684_1766257292.png, Normalized: /uploads/room_photos/6946f28cbc684_1766257292.png, Path: C:\Develope Tools\xamp\htdocs\backend/uploads/room_photos/6946f28cbc684_1766257292.png, Exists: no, IsFile: no
[21-Dec-2025 16:18:49 Europe/Berlin] Static file not found: {"request_uri":"\/uploads\/room_photos\/6946f28cbc684_1766257292.png","normalized_uri":"\/uploads\/room_photos\/6946f28cbc684_1766257292.png","file_path":"C:\\Develope Tools\\xamp\\htdocs\\backend\/uploads\/room_photos\/6946f28cbc684_1766257292.png","file_exists":false,"is_file":false,"is_dir":false,"parent_dir_exists":true}
[21-Dec-2025 16:20:19 Europe/Berlin] AuthService: Login attempt for identifier: 'addnew'
[21-Dec-2025 16:20:19 Europe/Berlin] UserRepository: Searching for user with identifier: 'addnew'
[21-Dec-2025 16:20:19 Europe/Berlin] UserRepository: User found - ID: 27, Username: addnew, Email: add@unilink.com, Role: STUDENT
[21-Dec-2025 16:20:19 Europe/Berlin] AuthService: User found, verifying password for user ID: 27
[21-Dec-2025 16:20:19 Europe/Berlin] AuthService: Password verified successfully for user ID: 27
[21-Dec-2025 16:20:19 Europe/Berlin] AuthService - User ID: 27, DB Role: 'STUDENT', Normalized Role: 'STUDENT'
[21-Dec-2025 16:20:19 Europe/Berlin] AuthService - Model Role: 'Student'
[21-Dec-2025 16:20:19 Europe/Berlin] Session created for user: 27, Session ID: soi3946snn98ansq627b20d0pm
[21-Dec-2025 16:20:19 Europe/Berlin] Session data: {"user":{"id":27,"username":"addnew","email":"add@unilink.com","role":"Student"}}
[21-Dec-2025 16:20:19 Europe/Berlin] Login redirect - User ID: 27, Role: 'Student', Uppercase: 'STUDENT', Redirect: '/posts'
[21-Dec-2025 16:20:24 Europe/Berlin] Static file request - URI: /uploads/room_photos/6946f28cbc684_1766257292.png, Normalized: /uploads/room_photos/6946f28cbc684_1766257292.png, Path: C:\Develope Tools\xamp\htdocs\backend/uploads/room_photos/6946f28cbc684_1766257292.png, Exists: no, IsFile: no
[21-Dec-2025 16:20:24 Europe/Berlin] Static file not found: {"request_uri":"\/uploads\/room_photos\/6946f28cbc684_1766257292.png","normalized_uri":"\/uploads\/room_photos\/6946f28cbc684_1766257292.png","file_path":"C:\\Develope Tools\\xamp\\htdocs\\backend\/uploads\/room_photos\/6946f28cbc684_1766257292.png","file_exists":false,"is_file":false,"is_dir":false,"parent_dir_exists":true}
[21-Dec-2025 16:20:24 Europe/Berlin] Static file request - URI: /uploads/room_photos/6946b08dabbe4_1766240397.png, Normalized: /uploads/room_photos/6946b08dabbe4_1766240397.png, Path: C:\Develope Tools\xamp\htdocs\backend/uploads/room_photos/6946b08dabbe4_1766240397.png, Exists: no, IsFile: no
[21-Dec-2025 16:20:24 Europe/Berlin] Static file not found: {"request_uri":"\/uploads\/room_photos\/6946b08dabbe4_1766240397.png","normalized_uri":"\/uploads\/room_photos\/6946b08dabbe4_1766240397.png","file_path":"C:\\Develope Tools\\xamp\\htdocs\\backend\/uploads\/room_photos\/6946b08dabbe4_1766240397.png","file_exists":false,"is_file":false,"is_dir":false,"parent_dir_exists":true}
[21-Dec-2025 16:20:24 Europe/Berlin] Static file request - URI: /uploads/room_photos/6946b04f74161_1766240335.png, Normalized: /uploads/room_photos/6946b04f74161_1766240335.png, Path: C:\Develope Tools\xamp\htdocs\backend/uploads/room_photos/6946b04f74161_1766240335.png, Exists: no, IsFile: no
[21-Dec-2025 16:20:24 Europe/Berlin] Static file not found: {"request_uri":"\/uploads\/room_photos\/6946b04f74161_1766240335.png","normalized_uri":"\/uploads\/room_photos\/6946b04f74161_1766240335.png","file_path":"C:\\Develope Tools\\xamp\\htdocs\\backend\/uploads\/room_photos\/6946b04f74161_1766240335.png","file_exists":false,"is_file":false,"is_dir":false,"parent_dir_exists":true}
[21-Dec-2025 16:20:24 Europe/Berlin] Static file request - URI: /uploads/room_photos/6946acc306b59_1766239427.png, Normalized: /uploads/room_photos/6946acc306b59_1766239427.png, Path: C:\Develope Tools\xamp\htdocs\backend/uploads/room_photos/6946acc306b59_1766239427.png, Exists: no, IsFile: no
[21-Dec-2025 16:20:24 Europe/Berlin] Static file not found: {"request_uri":"\/uploads\/room_photos\/6946acc306b59_1766239427.png","normalized_uri":"\/uploads\/room_photos\/6946acc306b59_1766239427.png","file_path":"C:\\Develope Tools\\xamp\\htdocs\\backend\/uploads\/room_photos\/6946acc306b59_1766239427.png","file_exists":false,"is_file":false,"is_dir":false,"parent_dir_exists":true}
[21-Dec-2025 16:20:24 Europe/Berlin] Static file request - URI: /uploads/room_photos/6946ab011278a_1766238977.png, Normalized: /uploads/room_photos/6946ab011278a_1766238977.png, Path: C:\Develope Tools\xamp\htdocs\backend/uploads/room_photos/6946ab011278a_1766238977.png, Exists: no, IsFile: no
[21-Dec-2025 16:20:24 Europe/Berlin] Static file not found: {"request_uri":"\/uploads\/room_photos\/6946ab011278a_1766238977.png","normalized_uri":"\/uploads\/room_photos\/6946ab011278a_1766238977.png","file_path":"C:\\Develope Tools\\xamp\\htdocs\\backend\/uploads\/room_photos\/6946ab011278a_1766238977.png","file_exists":false,"is_file":false,"is_dir":false,"parent_dir_exists":true}
[21-Dec-2025 16:21:57 Europe/Berlin] Static file request - URI: /uploads/room_photos/6946b08dabbe4_1766240397.png, Normalized: /uploads/room_photos/6946b08dabbe4_1766240397.png, Path: C:\Develope Tools\xamp\htdocs\backend/uploads/room_photos/6946b08dabbe4_1766240397.png, Exists: no, IsFile: no
[21-Dec-2025 16:21:57 Europe/Berlin] Static file not found: {"request_uri":"\/uploads\/room_photos\/6946b08dabbe4_1766240397.png","normalized_uri":"\/uploads\/room_photos\/6946b08dabbe4_1766240397.png","file_path":"C:\\Develope Tools\\xamp\\htdocs\\backend\/uploads\/room_photos\/6946b08dabbe4_1766240397.png","file_exists":false,"is_file":false,"is_dir":false,"parent_dir_exists":true}
[21-Dec-2025 16:21:57 Europe/Berlin] Static file request - URI: /uploads/room_photos/6946f28cbc684_1766257292.png, Normalized: /uploads/room_photos/6946f28cbc684_1766257292.png, Path: C:\Develope Tools\xamp\htdocs\backend/uploads/room_photos/6946f28cbc684_1766257292.png, Exists: no, IsFile: no
[21-Dec-2025 16:21:57 Europe/Berlin] Static file not found: {"request_uri":"\/uploads\/room_photos\/6946f28cbc684_1766257292.png","normalized_uri":"\/uploads\/room_photos\/6946f28cbc684_1766257292.png","file_path":"C:\\Develope Tools\\xamp\\htdocs\\backend\/uploads\/room_photos\/6946f28cbc684_1766257292.png","file_exists":false,"is_file":false,"is_dir":false,"parent_dir_exists":true}
[21-Dec-2025 16:21:57 Europe/Berlin] Static file request - URI: /uploads/room_photos/6946b04f74161_1766240335.png, Normalized: /uploads/room_photos/6946b04f74161_1766240335.png, Path: C:\Develope Tools\xamp\htdocs\backend/uploads/room_photos/6946b04f74161_1766240335.png, Exists: no, IsFile: no
[21-Dec-2025 16:21:57 Europe/Berlin] Static file not found: {"request_uri":"\/uploads\/room_photos\/6946b04f74161_1766240335.png","normalized_uri":"\/uploads\/room_photos\/6946b04f74161_1766240335.png","file_path":"C:\\Develope Tools\\xamp\\htdocs\\backend\/uploads\/room_photos\/6946b04f74161_1766240335.png","file_exists":false,"is_file":false,"is_dir":false,"parent_dir_exists":true}
[21-Dec-2025 16:21:57 Europe/Berlin] Static file request - URI: /uploads/room_photos/6946ab011278a_1766238977.png, Normalized: /uploads/room_photos/6946ab011278a_1766238977.png, Path: C:\Develope Tools\xamp\htdocs\backend/uploads/room_photos/6946ab011278a_1766238977.png, Exists: no, IsFile: no
[21-Dec-2025 16:21:57 Europe/Berlin] Static file not found: {"request_uri":"\/uploads\/room_photos\/6946ab011278a_1766238977.png","normalized_uri":"\/uploads\/room_photos\/6946ab011278a_1766238977.png","file_path":"C:\\Develope Tools\\xamp\\htdocs\\backend\/uploads\/room_photos\/6946ab011278a_1766238977.png","file_exists":false,"is_file":false,"is_dir":false,"parent_dir_exists":true}
[21-Dec-2025 16:21:57 Europe/Berlin] Static file request - URI: /uploads/room_photos/6946acc306b59_1766239427.png, Normalized: /uploads/room_photos/6946acc306b59_1766239427.png, Path: C:\Develope Tools\xamp\htdocs\backend/uploads/room_photos/6946acc306b59_1766239427.png, Exists: no, IsFile: no
[21-Dec-2025 16:21:57 Europe/Berlin] Static file not found: {"request_uri":"\/uploads\/room_photos\/6946acc306b59_1766239427.png","normalized_uri":"\/uploads\/room_photos\/6946acc306b59_1766239427.png","file_path":"C:\\Develope Tools\\xamp\\htdocs\\backend\/uploads\/room_photos\/6946acc306b59_1766239427.png","file_exists":false,"is_file":false,"is_dir":false,"parent_dir_exists":true}
[21-Dec-2025 16:22:19 Europe/Berlin] AuthService: Login attempt for identifier: 'admin_users'
[21-Dec-2025 16:22:19 Europe/Berlin] UserRepository: Searching for user with identifier: 'admin_users'
[21-Dec-2025 16:22:19 Europe/Berlin] UserRepository: User found - ID: 1, Username: admin_users, Email: admin@unilink.com, Role: ADMIN
[21-Dec-2025 16:22:19 Europe/Berlin] AuthService: User found, verifying password for user ID: 1
[21-Dec-2025 16:22:19 Europe/Berlin] AuthService: Password verified successfully for user ID: 1
[21-Dec-2025 16:22:19 Europe/Berlin] AuthService - User ID: 1, DB Role: 'ADMIN', Normalized Role: 'ADMIN'
[21-Dec-2025 16:22:19 Europe/Berlin] AuthService - Model Role: 'Admin'
[21-Dec-2025 16:22:19 Europe/Berlin] Session created for user: 1, Session ID: soi3946snn98ansq627b20d0pm
[21-Dec-2025 16:22:19 Europe/Berlin] Session data: {"user":{"id":1,"username":"admin_users","email":"admin@unilink.com","role":"Admin"}}
[21-Dec-2025 16:22:19 Europe/Berlin] Login redirect - User ID: 1, Role: 'Admin', Uppercase: 'ADMIN', Redirect: '/admin/dashboard'
[21-Dec-2025 16:22:20 Europe/Berlin] Checking session, Session ID: soi3946snn98ansq627b20d0pm
[21-Dec-2025 16:22:20 Europe/Berlin] Session data: {"user":{"id":1,"username":"admin_users","email":"admin@unilink.com","role":"Admin"}}
[21-Dec-2025 16:22:20 Europe/Berlin] getCurrentUser - User data: {"id":1,"username":"admin_users","email":"admin@unilink.com","role":"Admin"}
[21-Dec-2025 16:22:20 Europe/Berlin] getCurrentUser - Response data: {"authenticated":true,"user":{"id":1,"username":"admin_users","email":"admin@unilink.com","role":"Admin"}}
[21-Dec-2025 16:23:03 Europe/Berlin] Static file request - URI: /uploads/room_photos/6946b08dabbe4_1766240397.png, Normalized: /uploads/room_photos/6946b08dabbe4_1766240397.png, Path: C:\Develope Tools\xamp\htdocs\backend/uploads/room_photos/6946b08dabbe4_1766240397.png, Exists: no, IsFile: no
[21-Dec-2025 16:23:03 Europe/Berlin] Static file not found: {"request_uri":"\/uploads\/room_photos\/6946b08dabbe4_1766240397.png","normalized_uri":"\/uploads\/room_photos\/6946b08dabbe4_1766240397.png","file_path":"C:\\Develope Tools\\xamp\\htdocs\\backend\/uploads\/room_photos\/6946b08dabbe4_1766240397.png","file_exists":false,"is_file":false,"is_dir":false,"parent_dir_exists":true}
[21-Dec-2025 16:23:03 Europe/Berlin] Static file request - URI: /uploads/room_photos/6946f28cbc684_1766257292.png, Normalized: /uploads/room_photos/6946f28cbc684_1766257292.png, Path: C:\Develope Tools\xamp\htdocs\backend/uploads/room_photos/6946f28cbc684_1766257292.png, Exists: no, IsFile: no
[21-Dec-2025 16:23:03 Europe/Berlin] Static file not found: {"request_uri":"\/uploads\/room_photos\/6946f28cbc684_1766257292.png","normalized_uri":"\/uploads\/room_photos\/6946f28cbc684_1766257292.png","file_path":"C:\\Develope Tools\\xamp\\htdocs\\backend\/uploads\/room_photos\/6946f28cbc684_1766257292.png","file_exists":false,"is_file":false,"is_dir":false,"parent_dir_exists":true}
[21-Dec-2025 16:23:03 Europe/Berlin] Static file request - URI: /uploads/room_photos/6946b04f74161_1766240335.png, Normalized: /uploads/room_photos/6946b04f74161_1766240335.png, Path: C:\Develope Tools\xamp\htdocs\backend/uploads/room_photos/6946b04f74161_1766240335.png, Exists: no, IsFile: no
[21-Dec-2025 16:23:03 Europe/Berlin] Static file not found: {"request_uri":"\/uploads\/room_photos\/6946b04f74161_1766240335.png","normalized_uri":"\/uploads\/room_photos\/6946b04f74161_1766240335.png","file_path":"C:\\Develope Tools\\xamp\\htdocs\\backend\/uploads\/room_photos\/6946b04f74161_1766240335.png","file_exists":false,"is_file":false,"is_dir":false,"parent_dir_exists":true}
[21-Dec-2025 16:23:03 Europe/Berlin] Static file request - URI: /uploads/room_photos/6946ab011278a_1766238977.png, Normalized: /uploads/room_photos/6946ab011278a_1766238977.png, Path: C:\Develope Tools\xamp\htdocs\backend/uploads/room_photos/6946ab011278a_1766238977.png, Exists: no, IsFile: no
[21-Dec-2025 16:23:03 Europe/Berlin] Static file not found: {"request_uri":"\/uploads\/room_photos\/6946ab011278a_1766238977.png","normalized_uri":"\/uploads\/room_photos\/6946ab011278a_1766238977.png","file_path":"C:\\Develope Tools\\xamp\\htdocs\\backend\/uploads\/room_photos\/6946ab011278a_1766238977.png","file_exists":false,"is_file":false,"is_dir":false,"parent_dir_exists":true}
[21-Dec-2025 16:23:03 Europe/Berlin] Static file request - URI: /uploads/room_photos/6946acc306b59_1766239427.png, Normalized: /uploads/room_photos/6946acc306b59_1766239427.png, Path: C:\Develope Tools\xamp\htdocs\backend/uploads/room_photos/6946acc306b59_1766239427.png, Exists: no, IsFile: no
[21-Dec-2025 16:23:03 Europe/Berlin] Static file not found: {"request_uri":"\/uploads\/room_photos\/6946acc306b59_1766239427.png","normalized_uri":"\/uploads\/room_photos\/6946acc306b59_1766239427.png","file_path":"C:\\Develope Tools\\xamp\\htdocs\\backend\/uploads\/room_photos\/6946acc306b59_1766239427.png","file_exists":false,"is_file":false,"is_dir":false,"parent_dir_exists":true}
[21-Dec-2025 16:23:13 Europe/Berlin] Static file request - URI: /uploads/room_photos/6946b04f74161_1766240335.png, Normalized: /uploads/room_photos/6946b04f74161_1766240335.png, Path: C:\Develope Tools\xamp\htdocs\backend/uploads/room_photos/6946b04f74161_1766240335.png, Exists: no, IsFile: no
[21-Dec-2025 16:23:13 Europe/Berlin] Static file not found: {"request_uri":"\/uploads\/room_photos\/6946b04f74161_1766240335.png","normalized_uri":"\/uploads\/room_photos\/6946b04f74161_1766240335.png","file_path":"C:\\Develope Tools\\xamp\\htdocs\\backend\/uploads\/room_photos\/6946b04f74161_1766240335.png","file_exists":false,"is_file":false,"is_dir":false,"parent_dir_exists":true}
[21-Dec-2025 16:23:13 Europe/Berlin] Static file request - URI: /uploads/room_photos/6946b08dabbe4_1766240397.png, Normalized: /uploads/room_photos/6946b08dabbe4_1766240397.png, Path: C:\Develope Tools\xamp\htdocs\backend/uploads/room_photos/6946b08dabbe4_1766240397.png, Exists: no, IsFile: no
[21-Dec-2025 16:23:13 Europe/Berlin] Static file not found: {"request_uri":"\/uploads\/room_photos\/6946b08dabbe4_1766240397.png","normalized_uri":"\/uploads\/room_photos\/6946b08dabbe4_1766240397.png","file_path":"C:\\Develope Tools\\xamp\\htdocs\\backend\/uploads\/room_photos\/6946b08dabbe4_1766240397.png","file_exists":false,"is_file":false,"is_dir":false,"parent_dir_exists":true}
[21-Dec-2025 16:23:13 Europe/Berlin] Static file request - URI: /uploads/room_photos/6946acc306b59_1766239427.png, Normalized: /uploads/room_photos/6946acc306b59_1766239427.png, Path: C:\Develope Tools\xamp\htdocs\backend/uploads/room_photos/6946acc306b59_1766239427.png, Exists: no, IsFile: no
[21-Dec-2025 16:23:13 Europe/Berlin] Static file not found: {"request_uri":"\/uploads\/room_photos\/6946acc306b59_1766239427.png","normalized_uri":"\/uploads\/room_photos\/6946acc306b59_1766239427.png","file_path":"C:\\Develope Tools\\xamp\\htdocs\\backend\/uploads\/room_photos\/6946acc306b59_1766239427.png","file_exists":false,"is_file":false,"is_dir":false,"parent_dir_exists":true}
[21-Dec-2025 16:23:13 Europe/Berlin] Static file request - URI: /uploads/room_photos/6946ab011278a_1766238977.png, Normalized: /uploads/room_photos/6946ab011278a_1766238977.png, Path: C:\Develope Tools\xamp\htdocs\backend/uploads/room_photos/6946ab011278a_1766238977.png, Exists: no, IsFile: no
[21-Dec-2025 16:23:13 Europe/Berlin] Static file not found: {"request_uri":"\/uploads\/room_photos\/6946ab011278a_1766238977.png","normalized_uri":"\/uploads\/room_photos\/6946ab011278a_1766238977.png","file_path":"C:\\Develope Tools\\xamp\\htdocs\\backend\/uploads\/room_photos\/6946ab011278a_1766238977.png","file_exists":false,"is_file":false,"is_dir":false,"parent_dir_exists":true}
[21-Dec-2025 16:23:37 Europe/Berlin] Static file request - URI: /uploads/room_photos/6946b04f74161_1766240335.png, Normalized: /uploads/room_photos/6946b04f74161_1766240335.png, Path: C:\Develope Tools\xamp\htdocs\backend/uploads/room_photos/6946b04f74161_1766240335.png, Exists: no, IsFile: no
[21-Dec-2025 16:23:37 Europe/Berlin] Static file not found: {"request_uri":"\/uploads\/room_photos\/6946b04f74161_1766240335.png","normalized_uri":"\/uploads\/room_photos\/6946b04f74161_1766240335.png","file_path":"C:\\Develope Tools\\xamp\\htdocs\\backend\/uploads\/room_photos\/6946b04f74161_1766240335.png","file_exists":false,"is_file":false,"is_dir":false,"parent_dir_exists":true}
[21-Dec-2025 16:23:37 Europe/Berlin] Static file request - URI: /uploads/room_photos/6946b08dabbe4_1766240397.png, Normalized: /uploads/room_photos/6946b08dabbe4_1766240397.png, Path: C:\Develope Tools\xamp\htdocs\backend/uploads/room_photos/6946b08dabbe4_1766240397.png, Exists: no, IsFile: no
[21-Dec-2025 16:23:37 Europe/Berlin] Static file not found: {"request_uri":"\/uploads\/room_photos\/6946b08dabbe4_1766240397.png","normalized_uri":"\/uploads\/room_photos\/6946b08dabbe4_1766240397.png","file_path":"C:\\Develope Tools\\xamp\\htdocs\\backend\/uploads\/room_photos\/6946b08dabbe4_1766240397.png","file_exists":false,"is_file":false,"is_dir":false,"parent_dir_exists":true}
[21-Dec-2025 16:23:37 Europe/Berlin] Static file request - URI: /uploads/room_photos/6946acc306b59_1766239427.png, Normalized: /uploads/room_photos/6946acc306b59_1766239427.png, Path: C:\Develope Tools\xamp\htdocs\backend/uploads/room_photos/6946acc306b59_1766239427.png, Exists: no, IsFile: no
[21-Dec-2025 16:23:37 Europe/Berlin] Static file not found: {"request_uri":"\/uploads\/room_photos\/6946acc306b59_1766239427.png","normalized_uri":"\/uploads\/room_photos\/6946acc306b59_1766239427.png","file_path":"C:\\Develope Tools\\xamp\\htdocs\\backend\/uploads\/room_photos\/6946acc306b59_1766239427.png","file_exists":false,"is_file":false,"is_dir":false,"parent_dir_exists":true}
[21-Dec-2025 16:23:37 Europe/Berlin] Static file request - URI: /uploads/room_photos/6946ab011278a_1766238977.png, Normalized: /uploads/room_photos/6946ab011278a_1766238977.png, Path: C:\Develope Tools\xamp\htdocs\backend/uploads/room_photos/6946ab011278a_1766238977.png, Exists: no, IsFile: no
[21-Dec-2025 16:23:37 Europe/Berlin] Static file not found: {"request_uri":"\/uploads\/room_photos\/6946ab011278a_1766238977.png","normalized_uri":"\/uploads\/room_photos\/6946ab011278a_1766238977.png","file_path":"C:\\Develope Tools\\xamp\\htdocs\\backend\/uploads\/room_photos\/6946ab011278a_1766238977.png","file_exists":false,"is_file":false,"is_dir":false,"parent_dir_exists":true}
[21-Dec-2025 16:31:12 Europe/Berlin] AuthService: Login attempt for identifier: 'student_users'
[21-Dec-2025 16:31:12 Europe/Berlin] UserRepository: Searching for user with identifier: 'student_users'
[21-Dec-2025 16:31:12 Europe/Berlin] UserRepository: User found - ID: 2, Username: student_users, Email: student@unilink.com, Role: STUDENT
[21-Dec-2025 16:31:12 Europe/Berlin] AuthService: User found, verifying password for user ID: 2
[21-Dec-2025 16:31:12 Europe/Berlin] AuthService: Login failed - Incorrect password for user ID: 2
[21-Dec-2025 16:31:12 Europe/Berlin] AuthService: Login exception - Incorrect password (Code: 401)
[21-Dec-2025 16:31:16 Europe/Berlin] AuthService: Login attempt for identifier: 'student_users'
[21-Dec-2025 16:31:16 Europe/Berlin] UserRepository: Searching for user with identifier: 'student_users'
[21-Dec-2025 16:31:16 Europe/Berlin] UserRepository: User found - ID: 2, Username: student_users, Email: student@unilink.com, Role: STUDENT
[21-Dec-2025 16:31:16 Europe/Berlin] AuthService: User found, verifying password for user ID: 2
[21-Dec-2025 16:31:16 Europe/Berlin] AuthService: Login failed - Incorrect password for user ID: 2
[21-Dec-2025 16:31:16 Europe/Berlin] AuthService: Login exception - Incorrect password (Code: 401)
[21-Dec-2025 16:31:20 Europe/Berlin] AuthService: Login attempt for identifier: 'student_user'
[21-Dec-2025 16:31:20 Europe/Berlin] UserRepository: Searching for user with identifier: 'student_user'
[21-Dec-2025 16:31:20 Europe/Berlin] UserRepository: No user found with identifier: 'student_user'
[21-Dec-2025 16:31:20 Europe/Berlin] UserRepository: Total users in database: 5
[21-Dec-2025 16:31:20 Europe/Berlin] AuthService: Login failed - Account not found for identifier: 'student_user'
[21-Dec-2025 16:31:20 Europe/Berlin] AuthService: Login exception - Account not found (Code: 404)
[21-Dec-2025 16:32:09 Europe/Berlin] AuthService: Login attempt for identifier: 'student_users'
[21-Dec-2025 16:32:09 Europe/Berlin] UserRepository: Searching for user with identifier: 'student_users'
[21-Dec-2025 16:32:09 Europe/Berlin] UserRepository: User found - ID: 2, Username: student_users, Email: student@unilink.com, Role: STUDENT
[21-Dec-2025 16:32:09 Europe/Berlin] AuthService: User found, verifying password for user ID: 2
[21-Dec-2025 16:32:09 Europe/Berlin] AuthService: Login failed - Incorrect password for user ID: 2
[21-Dec-2025 16:32:09 Europe/Berlin] AuthService: Login exception - Incorrect password (Code: 401)
[21-Dec-2025 16:32:27 Europe/Berlin] AuthService: Login attempt for identifier: 'addnew'
[21-Dec-2025 16:32:27 Europe/Berlin] UserRepository: Searching for user with identifier: 'addnew'
[21-Dec-2025 16:32:27 Europe/Berlin] UserRepository: User found - ID: 27, Username: addnew, Email: add@unilink.com, Role: STUDENT
[21-Dec-2025 16:32:27 Europe/Berlin] AuthService: User found, verifying password for user ID: 27
[21-Dec-2025 16:32:27 Europe/Berlin] AuthService: Password verified successfully for user ID: 27
[21-Dec-2025 16:32:27 Europe/Berlin] AuthService - User ID: 27, DB Role: 'STUDENT', Normalized Role: 'STUDENT'
[21-Dec-2025 16:32:27 Europe/Berlin] AuthService - Model Role: 'Student'
[21-Dec-2025 16:32:27 Europe/Berlin] Session created for user: 27, Session ID: soi3946snn98ansq627b20d0pm
[21-Dec-2025 16:32:27 Europe/Berlin] Session data: {"user":{"id":27,"username":"addnew","email":"add@unilink.com","role":"Student"}}
[21-Dec-2025 16:32:27 Europe/Berlin] Login redirect - User ID: 27, Role: 'Student', Uppercase: 'STUDENT', Redirect: '/posts'
[21-Dec-2025 16:33:00 Europe/Berlin] Checking session, Session ID: soi3946snn98ansq627b20d0pm
[21-Dec-2025 16:33:00 Europe/Berlin] Session data: {"user":{"id":27,"username":"addnew","email":"add@unilink.com","role":"Student"}}
[21-Dec-2025 16:33:00 Europe/Berlin] getCurrentUser - User data: {"id":27,"username":"addnew","email":"add@unilink.com","role":"Student"}
[21-Dec-2025 16:33:00 Europe/Berlin] getCurrentUser - Response data: {"authenticated":true,"user":{"id":27,"username":"addnew","email":"add@unilink.com","role":"Student"}}
[22-Dec-2025 12:34:02 Europe/Berlin] Static file request - URI: /uploads/media/media_69483ad83a491.jpg, Normalized: uploads\media\media_69483ad83a491.jpg, Path: C:\Develope Tools\xamp\htdocs\backend\uploads\media\media_69483ad83a491.jpg, Exists: no, IsFile: no
[22-Dec-2025 12:34:02 Europe/Berlin] Static file not found: {"request_uri":"\/uploads\/media\/media_69483ad83a491.jpg","normalized_uri":"uploads\\media\\media_69483ad83a491.jpg","file_path":"C:\\Develope Tools\\xamp\\htdocs\\backend\\uploads\\media\\media_69483ad83a491.jpg","file_exists":false,"is_file":false,"is_dir":false,"parent_dir_exists":true}
[27-Apr-2026 19:34:25 Europe/Berlin] AuthService: Login attempt for identifier: 'admin'
[27-Apr-2026 19:34:25 Europe/Berlin] UserRepository: Searching for user with identifier: 'admin'
[27-Apr-2026 19:34:25 Europe/Berlin] UserRepository: User found - ID: 1, Username: admin, Email: admin@unilink.com, Role: ADMIN
[27-Apr-2026 19:34:25 Europe/Berlin] AuthService: User found, verifying password for user ID: 1
[27-Apr-2026 19:34:25 Europe/Berlin] AuthService: Password verified successfully for user ID: 1
[27-Apr-2026 19:34:25 Europe/Berlin] AuthService - User ID: 1, DB Role: 'ADMIN', Normalized Role: 'ADMIN'
[27-Apr-2026 19:34:25 Europe/Berlin] AuthService - Model Role: 'Admin'
[27-Apr-2026 19:34:25 Europe/Berlin] Session created for user: 1, Session ID: i0uavc1p65hd8h8e3ntal0v986
[27-Apr-2026 19:34:25 Europe/Berlin] Session data: {"user":{"id":1,"username":"admin","email":"admin@unilink.com","role":"Admin","profile_image":null}}
[27-Apr-2026 19:34:25 Europe/Berlin] Login redirect - User ID: 1, Role: 'Admin', Uppercase: 'ADMIN', Redirect: '/admin/dashboard'
[27-Apr-2026 19:34:26 Europe/Berlin] Checking session, Session ID: i0uavc1p65hd8h8e3ntal0v986
[27-Apr-2026 19:34:26 Europe/Berlin] Session data: {"user":{"id":1,"username":"admin","email":"admin@unilink.com","role":"Admin","profile_image":null}}
[27-Apr-2026 19:34:26 Europe/Berlin] getCurrentUser - User data: {"id":1,"username":"admin","email":"admin@unilink.com","role":"Admin","profile_image":null}
[27-Apr-2026 19:34:26 Europe/Berlin] getCurrentUser - Response data: {"authenticated":true,"user":{"id":1,"username":"admin","email":"admin@unilink.com","role":"Admin","profile_image":null}}
[27-Apr-2026 19:34:29 Europe/Berlin] Checking session, Session ID: i0uavc1p65hd8h8e3ntal0v986
[27-Apr-2026 19:34:29 Europe/Berlin] Session data: {"user":{"id":1,"username":"admin","email":"admin@unilink.com","role":"Admin","profile_image":null}}
[27-Apr-2026 19:34:29 Europe/Berlin] getCurrentUser - User data: {"id":1,"username":"admin","email":"admin@unilink.com","role":"Admin","profile_image":null}
[27-Apr-2026 19:34:29 Europe/Berlin] getCurrentUser - Response data: {"authenticated":true,"user":{"id":1,"username":"admin","email":"admin@unilink.com","role":"Admin","profile_image":null}}
[27-Apr-2026 19:36:38 Europe/Berlin] AuthService: Login attempt for identifier: 'professor'
[27-Apr-2026 19:36:38 Europe/Berlin] UserRepository: Searching for user with identifier: 'professor'
[27-Apr-2026 19:36:38 Europe/Berlin] UserRepository: User found - ID: 3, Username: professor, Email: prof@unilink.com, Role: PROFESSOR
[27-Apr-2026 19:36:38 Europe/Berlin] AuthService: User found, verifying password for user ID: 3
[27-Apr-2026 19:36:38 Europe/Berlin] AuthService: Password verified successfully for user ID: 3
[27-Apr-2026 19:36:38 Europe/Berlin] AuthService - User ID: 3, DB Role: 'PROFESSOR', Normalized Role: 'PROFESSOR'
[27-Apr-2026 19:36:38 Europe/Berlin] AuthService - Model Role: 'Professor'
[27-Apr-2026 19:36:38 Europe/Berlin] Session created for user: 3, Session ID: i0uavc1p65hd8h8e3ntal0v986
[27-Apr-2026 19:36:38 Europe/Berlin] Session data: {"user":{"id":3,"username":"professor","email":"prof@unilink.com","role":"Professor","profile_image":null}}
[27-Apr-2026 19:36:38 Europe/Berlin] Login redirect - User ID: 3, Role: 'Professor', Uppercase: 'PROFESSOR', Redirect: '/professor'
[27-Apr-2026 19:36:39 Europe/Berlin] Checking session, Session ID: i0uavc1p65hd8h8e3ntal0v986
[27-Apr-2026 19:36:39 Europe/Berlin] Session data: {"user":{"id":3,"username":"professor","email":"prof@unilink.com","role":"Professor","profile_image":null}}
[27-Apr-2026 19:36:39 Europe/Berlin] getCurrentUser - User data: {"id":3,"username":"professor","email":"prof@unilink.com","role":"Professor","profile_image":null}
[27-Apr-2026 19:36:39 Europe/Berlin] getCurrentUser - Response data: {"authenticated":true,"user":{"id":3,"username":"professor","email":"prof@unilink.com","role":"Professor","profile_image":null}}
[27-Apr-2026 19:37:55 Europe/Berlin] Checking session, Session ID: i0uavc1p65hd8h8e3ntal0v986
[27-Apr-2026 19:37:55 Europe/Berlin] Session data: {"user":{"id":3,"username":"professor","email":"prof@unilink.com","role":"Professor","profile_image":null}}
[27-Apr-2026 19:37:55 Europe/Berlin] getCurrentUser - User data: {"id":3,"username":"professor","email":"prof@unilink.com","role":"Professor","profile_image":null}
[27-Apr-2026 19:37:55 Europe/Berlin] getCurrentUser - Response data: {"authenticated":true,"user":{"id":3,"username":"professor","email":"prof@unilink.com","role":"Professor","profile_image":null}}
[27-Apr-2026 19:38:07 Europe/Berlin] Checking session, Session ID: i0uavc1p65hd8h8e3ntal0v986
[27-Apr-2026 19:38:07 Europe/Berlin] Session data: {"user":{"id":3,"username":"professor","email":"prof@unilink.com","role":"Professor","profile_image":null}}
[27-Apr-2026 19:38:07 Europe/Berlin] getCurrentUser - User data: {"id":3,"username":"professor","email":"prof@unilink.com","role":"Professor","profile_image":null}
[27-Apr-2026 19:38:07 Europe/Berlin] getCurrentUser - Response data: {"authenticated":true,"user":{"id":3,"username":"professor","email":"prof@unilink.com","role":"Professor","profile_image":null}}
[27-Apr-2026 19:38:37 Europe/Berlin] Checking session, Session ID: i0uavc1p65hd8h8e3ntal0v986
[27-Apr-2026 19:38:37 Europe/Berlin] Session data: {"user":{"id":3,"username":"professor","email":"prof@unilink.com","role":"Professor","profile_image":null}}
[27-Apr-2026 19:38:37 Europe/Berlin] getCurrentUser - User data: {"id":3,"username":"professor","email":"prof@unilink.com","role":"Professor","profile_image":null}
[27-Apr-2026 19:38:37 Europe/Berlin] getCurrentUser - Response data: {"authenticated":true,"user":{"id":3,"username":"professor","email":"prof@unilink.com","role":"Professor","profile_image":null}}
[27-Apr-2026 19:49:54 Europe/Berlin] Checking session, Session ID: i0uavc1p65hd8h8e3ntal0v986
[27-Apr-2026 19:49:54 Europe/Berlin] Session data: {"user":{"id":3,"username":"professor","email":"prof@unilink.com","role":"Professor","profile_image":null}}
[27-Apr-2026 19:49:54 Europe/Berlin] getCurrentUser - User data: {"id":3,"username":"professor","email":"prof@unilink.com","role":"Professor","profile_image":null}
[27-Apr-2026 19:49:54 Europe/Berlin] getCurrentUser - Response data: {"authenticated":true,"user":{"id":3,"username":"professor","email":"prof@unilink.com","role":"Professor","profile_image":null}}
[27-Apr-2026 19:50:12 Europe/Berlin] Checking session, Session ID: i0uavc1p65hd8h8e3ntal0v986
[27-Apr-2026 19:50:12 Europe/Berlin] Session data: {"user":{"id":3,"username":"professor","email":"prof@unilink.com","role":"Professor","profile_image":null}}
[27-Apr-2026 19:50:12 Europe/Berlin] getCurrentUser - User data: {"id":3,"username":"professor","email":"prof@unilink.com","role":"Professor","profile_image":null}
[27-Apr-2026 19:50:12 Europe/Berlin] getCurrentUser - Response data: {"authenticated":true,"user":{"id":3,"username":"professor","email":"prof@unilink.com","role":"Professor","profile_image":null}}
[27-Apr-2026 19:50:35 Europe/Berlin] Checking session, Session ID: i0uavc1p65hd8h8e3ntal0v986
[27-Apr-2026 19:50:35 Europe/Berlin] Session data: {"user":{"id":3,"username":"professor","email":"prof@unilink.com","role":"Professor","profile_image":null}}
[27-Apr-2026 19:50:35 Europe/Berlin] getCurrentUser - User data: {"id":3,"username":"professor","email":"prof@unilink.com","role":"Professor","profile_image":null}
[27-Apr-2026 19:50:35 Europe/Berlin] getCurrentUser - Response data: {"authenticated":true,"user":{"id":3,"username":"professor","email":"prof@unilink.com","role":"Professor","profile_image":null}}
[27-Apr-2026 19:50:51 Europe/Berlin] AuthService: Login attempt for identifier: 'admin'
[27-Apr-2026 19:50:51 Europe/Berlin] UserRepository: Searching for user with identifier: 'admin'
[27-Apr-2026 19:50:51 Europe/Berlin] UserRepository: User found - ID: 1, Username: admin, Email: admin@unilink.com, Role: ADMIN
[27-Apr-2026 19:50:51 Europe/Berlin] AuthService: User found, verifying password for user ID: 1
[27-Apr-2026 19:50:51 Europe/Berlin] AuthService: Password verified successfully for user ID: 1
[27-Apr-2026 19:50:51 Europe/Berlin] AuthService - User ID: 1, DB Role: 'ADMIN', Normalized Role: 'ADMIN'
[27-Apr-2026 19:50:51 Europe/Berlin] AuthService - Model Role: 'Admin'
[27-Apr-2026 19:50:51 Europe/Berlin] Session created for user: 1, Session ID: i0uavc1p65hd8h8e3ntal0v986
[27-Apr-2026 19:50:51 Europe/Berlin] Session data: {"user":{"id":1,"username":"admin","email":"admin@unilink.com","role":"Admin","profile_image":null}}
[27-Apr-2026 19:50:51 Europe/Berlin] Login redirect - User ID: 1, Role: 'Admin', Uppercase: 'ADMIN', Redirect: '/admin/dashboard'
[27-Apr-2026 19:50:53 Europe/Berlin] Checking session, Session ID: i0uavc1p65hd8h8e3ntal0v986
[27-Apr-2026 19:50:53 Europe/Berlin] Session data: {"user":{"id":1,"username":"admin","email":"admin@unilink.com","role":"Admin","profile_image":null}}
[27-Apr-2026 19:50:53 Europe/Berlin] getCurrentUser - User data: {"id":1,"username":"admin","email":"admin@unilink.com","role":"Admin","profile_image":null}
[27-Apr-2026 19:50:53 Europe/Berlin] getCurrentUser - Response data: {"authenticated":true,"user":{"id":1,"username":"admin","email":"admin@unilink.com","role":"Admin","profile_image":null}}
[27-Apr-2026 19:51:23 Europe/Berlin] AuthService: Login attempt for identifier: 'student'
[27-Apr-2026 19:51:23 Europe/Berlin] UserRepository: Searching for user with identifier: 'student'
[27-Apr-2026 19:51:23 Europe/Berlin] UserRepository: User found - ID: 2, Username: student, Email: student@unilink.com, Role: STUDENT
[27-Apr-2026 19:51:23 Europe/Berlin] AuthService: User found, verifying password for user ID: 2
[27-Apr-2026 19:51:23 Europe/Berlin] AuthService: Password verified successfully for user ID: 2
[27-Apr-2026 19:51:23 Europe/Berlin] AuthService - User ID: 2, DB Role: 'STUDENT', Normalized Role: 'STUDENT'
[27-Apr-2026 19:51:23 Europe/Berlin] AuthService - Model Role: 'Student'
[27-Apr-2026 19:51:23 Europe/Berlin] Session created for user: 2, Session ID: i0uavc1p65hd8h8e3ntal0v986
[27-Apr-2026 19:51:23 Europe/Berlin] Session data: {"user":{"id":2,"username":"student","email":"student@unilink.com","role":"Student","profile_image":null}}
[27-Apr-2026 19:51:23 Europe/Berlin] Login redirect - User ID: 2, Role: 'Student', Uppercase: 'STUDENT', Redirect: '/posts'
[27-Apr-2026 20:18:47 Europe/Berlin] AuthService: Login attempt for identifier: 'test' OR 1=1 --'
[27-Apr-2026 20:18:47 Europe/Berlin] UserRepository: Searching for user with identifier: 'test' OR 1=1 --'
[27-Apr-2026 20:18:47 Europe/Berlin] UserRepository: No user found with identifier: 'test' OR 1=1 --'
[27-Apr-2026 20:18:47 Europe/Berlin] UserRepository: Total users in database: 3
[27-Apr-2026 20:18:47 Europe/Berlin] AuthService: Login failed - Account not found for identifier: 'test' OR 1=1 --'
[27-Apr-2026 20:18:47 Europe/Berlin] AuthService: Login exception - User 'test' OR 1=1 --' does not exist in our database. (Code: 404)
[27-Apr-2026 20:18:54 Europe/Berlin] AuthService: Login attempt for identifier: 'admin' OR 1=1 --'
[27-Apr-2026 20:18:54 Europe/Berlin] UserRepository: Searching for user with identifier: 'admin' OR 1=1 --'
[27-Apr-2026 20:18:54 Europe/Berlin] UserRepository: No user found with identifier: 'admin' OR 1=1 --'
[27-Apr-2026 20:18:54 Europe/Berlin] UserRepository: Total users in database: 3
[27-Apr-2026 20:18:54 Europe/Berlin] AuthService: Login failed - Account not found for identifier: 'admin' OR 1=1 --'
[27-Apr-2026 20:18:54 Europe/Berlin] AuthService: Login exception - User 'admin' OR 1=1 --' does not exist in our database. (Code: 404)
[27-Apr-2026 20:19:02 Europe/Berlin] AuthService: Login attempt for identifier: 'admin''
[27-Apr-2026 20:19:02 Europe/Berlin] UserRepository: Searching for user with identifier: 'admin''
[27-Apr-2026 20:19:02 Europe/Berlin] UserRepository: No user found with identifier: 'admin''
[27-Apr-2026 20:19:02 Europe/Berlin] UserRepository: Total users in database: 3
[27-Apr-2026 20:19:02 Europe/Berlin] AuthService: Login failed - Account not found for identifier: 'admin''
[27-Apr-2026 20:19:02 Europe/Berlin] AuthService: Login exception - User 'admin'' does not exist in our database. (Code: 404)
[27-Apr-2026 20:19:03 Europe/Berlin] AuthService: Login attempt for identifier: 'admin'
[27-Apr-2026 20:19:03 Europe/Berlin] UserRepository: Searching for user with identifier: 'admin'
[27-Apr-2026 20:19:03 Europe/Berlin] UserRepository: User found - ID: 1, Username: admin, Email: admin@unilink.com, Role: ADMIN
[27-Apr-2026 20:19:03 Europe/Berlin] AuthService: User found, verifying password for user ID: 1
[27-Apr-2026 20:19:04 Europe/Berlin] AuthService: Login failed - Incorrect password for user ID: 1
[27-Apr-2026 20:19:04 Europe/Berlin] AuthService: Login exception - Incorrect password for the given user. (Code: 401)
[27-Apr-2026 20:30:37 Europe/Berlin] AuthService: Login attempt for identifier: 'admin' OR '1'='1'--'
[27-Apr-2026 20:30:37 Europe/Berlin] UserRepository: Searching for user with identifier: 'admin' OR '1'='1'--'
[27-Apr-2026 20:30:37 Europe/Berlin] UserRepository: No user found with identifier: 'admin' OR '1'='1'--'
[27-Apr-2026 20:30:37 Europe/Berlin] UserRepository: Total users in database: 3
[27-Apr-2026 20:30:37 Europe/Berlin] AuthService: Login failed - Account not found for identifier: 'admin' OR '1'='1'--'
[27-Apr-2026 20:30:37 Europe/Berlin] AuthService: Login exception - User 'admin' OR '1'='1'--' does not exist in our database. (Code: 404)
[27-Apr-2026 20:31:10 Europe/Berlin] AuthService: Login attempt for identifier: ''admin' OR '1'='1'--'
[27-Apr-2026 20:31:10 Europe/Berlin] UserRepository: Searching for user with identifier: ''admin' OR '1'='1'--'
[27-Apr-2026 20:31:10 Europe/Berlin] UserRepository: No user found with identifier: ''admin' OR '1'='1'--'
[27-Apr-2026 20:31:10 Europe/Berlin] UserRepository: Total users in database: 3
[27-Apr-2026 20:31:10 Europe/Berlin] AuthService: Login failed - Account not found for identifier: ''admin' OR '1'='1'--'
[27-Apr-2026 20:31:10 Europe/Berlin] AuthService: Login exception - User ''admin' OR '1'='1'--' does not exist in our database. (Code: 404)
[27-Apr-2026 20:31:47 Europe/Berlin] AuthService: Login attempt for identifier: 'student'
[27-Apr-2026 20:31:47 Europe/Berlin] UserRepository: Searching for user with identifier: 'student'
[27-Apr-2026 20:31:47 Europe/Berlin] UserRepository: User found - ID: 2, Username: student, Email: student@unilink.com, Role: STUDENT
[27-Apr-2026 20:31:47 Europe/Berlin] AuthService: User found, verifying password for user ID: 2
[27-Apr-2026 20:31:48 Europe/Berlin] AuthService: Password verified successfully for user ID: 2
[27-Apr-2026 20:31:48 Europe/Berlin] AuthService - User ID: 2, DB Role: 'STUDENT', Normalized Role: 'STUDENT'
[27-Apr-2026 20:31:48 Europe/Berlin] AuthService - Model Role: 'Student'
[27-Apr-2026 20:31:48 Europe/Berlin] Session created for user: 2, Session ID: i0uavc1p65hd8h8e3ntal0v986
[27-Apr-2026 20:31:48 Europe/Berlin] Session data: {"user":{"id":2,"username":"student","email":"student@unilink.com","role":"Student","profile_image":null}}
[27-Apr-2026 20:31:48 Europe/Berlin] Login redirect - User ID: 2, Role: 'Student', Uppercase: 'STUDENT', Redirect: '/posts'
[27-Apr-2026 20:48:50 Europe/Berlin] Static file request - URI: /uploads/defaults/admin.png, Normalized: uploads\defaults\admin.png, Path: F:\GG store\Uni-Link\backend\uploads\defaults\admin.png, Exists: no, IsFile: no
[27-Apr-2026 20:48:50 Europe/Berlin] Static file not found: {"request_uri":"\/uploads\/defaults\/admin.png","normalized_uri":"uploads\\defaults\\admin.png","file_path":"F:\\GG store\\Uni-Link\\backend\\uploads\\defaults\\admin.png","file_exists":false,"is_file":false,"is_dir":false,"parent_dir_exists":false}
[27-Apr-2026 20:48:50 Europe/Berlin] Static file request - URI: /uploads/defaults/student.png, Normalized: uploads\defaults\student.png, Path: F:\GG store\Uni-Link\backend\uploads\defaults\student.png, Exists: no, IsFile: no
[27-Apr-2026 20:48:50 Europe/Berlin] Static file not found: {"request_uri":"\/uploads\/defaults\/student.png","normalized_uri":"uploads\\defaults\\student.png","file_path":"F:\\GG store\\Uni-Link\\backend\\uploads\\defaults\\student.png","file_exists":false,"is_file":false,"is_dir":false,"parent_dir_exists":false}
[27-Apr-2026 20:48:50 Europe/Berlin] Static file request - URI: /uploads/defaults/professor.png, Normalized: uploads\defaults\professor.png, Path: F:\GG store\Uni-Link\backend\uploads\defaults\professor.png, Exists: no, IsFile: no
[27-Apr-2026 20:48:50 Europe/Berlin] Static file not found: {"request_uri":"\/uploads\/defaults\/professor.png","normalized_uri":"uploads\\defaults\\professor.png","file_path":"F:\\GG store\\Uni-Link\\backend\\uploads\\defaults\\professor.png","file_exists":false,"is_file":false,"is_dir":false,"parent_dir_exists":false}
[27-Apr-2026 20:48:58 Europe/Berlin] Static file request - URI: /uploads/defaults/admin.png, Normalized: uploads\defaults\admin.png, Path: F:\GG store\Uni-Link\backend\uploads\defaults\admin.png, Exists: no, IsFile: no
[27-Apr-2026 20:48:58 Europe/Berlin] Static file not found: {"request_uri":"\/uploads\/defaults\/admin.png","normalized_uri":"uploads\\defaults\\admin.png","file_path":"F:\\GG store\\Uni-Link\\backend\\uploads\\defaults\\admin.png","file_exists":false,"is_file":false,"is_dir":false,"parent_dir_exists":false}
[27-Apr-2026 20:48:59 Europe/Berlin] Static file request - URI: /uploads/defaults/student.png, Normalized: uploads\defaults\student.png, Path: F:\GG store\Uni-Link\backend\uploads\defaults\student.png, Exists: no, IsFile: no
[27-Apr-2026 20:48:59 Europe/Berlin] Static file not found: {"request_uri":"\/uploads\/defaults\/student.png","normalized_uri":"uploads\\defaults\\student.png","file_path":"F:\\GG store\\Uni-Link\\backend\\uploads\\defaults\\student.png","file_exists":false,"is_file":false,"is_dir":false,"parent_dir_exists":false}
[27-Apr-2026 20:48:59 Europe/Berlin] Static file request - URI: /uploads/defaults/professor.png, Normalized: uploads\defaults\professor.png, Path: F:\GG store\Uni-Link\backend\uploads\defaults\professor.png, Exists: no, IsFile: no
[27-Apr-2026 20:48:59 Europe/Berlin] Static file not found: {"request_uri":"\/uploads\/defaults\/professor.png","normalized_uri":"uploads\\defaults\\professor.png","file_path":"F:\\GG store\\Uni-Link\\backend\\uploads\\defaults\\professor.png","file_exists":false,"is_file":false,"is_dir":false,"parent_dir_exists":false}
[27-Apr-2026 20:49:27 Europe/Berlin] Static file request - URI: /uploads/defaults/admin.png, Normalized: uploads\defaults\admin.png, Path: F:\GG store\Uni-Link\backend\uploads\defaults\admin.png, Exists: no, IsFile: no
[27-Apr-2026 20:49:27 Europe/Berlin] Static file not found: {"request_uri":"\/uploads\/defaults\/admin.png","normalized_uri":"uploads\\defaults\\admin.png","file_path":"F:\\GG store\\Uni-Link\\backend\\uploads\\defaults\\admin.png","file_exists":false,"is_file":false,"is_dir":false,"parent_dir_exists":false}
[27-Apr-2026 20:49:45 Europe/Berlin] Static file request - URI: /uploads/defaults/student.png, Normalized: uploads\defaults\student.png, Path: F:\GG store\Uni-Link\backend\uploads\defaults\student.png, Exists: no, IsFile: no
[27-Apr-2026 20:49:45 Europe/Berlin] Static file not found: {"request_uri":"\/uploads\/defaults\/student.png","normalized_uri":"uploads\\defaults\\student.png","file_path":"F:\\GG store\\Uni-Link\\backend\\uploads\\defaults\\student.png","file_exists":false,"is_file":false,"is_dir":false,"parent_dir_exists":false}
[27-Apr-2026 20:49:45 Europe/Berlin] Static file request - URI: /uploads/defaults/professor.png, Normalized: uploads\defaults\professor.png, Path: F:\GG store\Uni-Link\backend\uploads\defaults\professor.png, Exists: no, IsFile: no
[27-Apr-2026 20:49:45 Europe/Berlin] Static file not found: {"request_uri":"\/uploads\/defaults\/professor.png","normalized_uri":"uploads\\defaults\\professor.png","file_path":"F:\\GG store\\Uni-Link\\backend\\uploads\\defaults\\professor.png","file_exists":false,"is_file":false,"is_dir":false,"parent_dir_exists":false}
[27-Apr-2026 22:24:18 Europe/Berlin] Checking session, Session ID: d97o9juisj8bsor9v3vq80e570
[27-Apr-2026 22:24:18 Europe/Berlin] Session data: {"user":{"id":1,"username":"admin","email":"admin@unilink.com","role":"Admin","profile_image":null}}
[27-Apr-2026 22:24:18 Europe/Berlin] getCurrentUser - User data: {"id":1,"username":"admin","email":"admin@unilink.com","role":"Admin","profile_image":null}
[27-Apr-2026 22:24:18 Europe/Berlin] getCurrentUser - Response data: {"authenticated":true,"user":{"id":1,"username":"admin","email":"admin@unilink.com","role":"Admin","profile_image":null}}
[28-Apr-2026 16:32:40 Europe/Berlin] Static file request - URI: /uploads/defaults/admin.png, Normalized: uploads\defaults\admin.png, Path: F:\GG store\Uni-Link\backend\uploads\defaults\admin.png, Exists: no, IsFile: no
[28-Apr-2026 16:32:40 Europe/Berlin] Static file not found: {"request_uri":"\/uploads\/defaults\/admin.png","normalized_uri":"uploads\\defaults\\admin.png","file_path":"F:\\GG store\\Uni-Link\\backend\\uploads\\defaults\\admin.png","file_exists":false,"is_file":false,"is_dir":false,"parent_dir_exists":false}
[28-Apr-2026 16:32:42 Europe/Berlin] Static file request - URI: /uploads/defaults/professor.png, Normalized: uploads\defaults\professor.png, Path: F:\GG store\Uni-Link\backend\uploads\defaults\professor.png, Exists: no, IsFile: no
[28-Apr-2026 16:32:42 Europe/Berlin] Static file not found: {"request_uri":"\/uploads\/defaults\/professor.png","normalized_uri":"uploads\\defaults\\professor.png","file_path":"F:\\GG store\\Uni-Link\\backend\\uploads\\defaults\\professor.png","file_exists":false,"is_file":false,"is_dir":false,"parent_dir_exists":false}
[28-Apr-2026 16:32:50 Europe/Berlin] Static file request - URI: /uploads/defaults/admin.png, Normalized: uploads\defaults\admin.png, Path: F:\GG store\Uni-Link\backend\uploads\defaults\admin.png, Exists: no, IsFile: no
[28-Apr-2026 16:32:50 Europe/Berlin] Static file not found: {"request_uri":"\/uploads\/defaults\/admin.png","normalized_uri":"uploads\\defaults\\admin.png","file_path":"F:\\GG store\\Uni-Link\\backend\\uploads\\defaults\\admin.png","file_exists":false,"is_file":false,"is_dir":false,"parent_dir_exists":false}
[28-Apr-2026 16:32:50 Europe/Berlin] Static file request - URI: /uploads/defaults/student.png, Normalized: uploads\defaults\student.png, Path: F:\GG store\Uni-Link\backend\uploads\defaults\student.png, Exists: no, IsFile: no
[28-Apr-2026 16:32:50 Europe/Berlin] Static file not found: {"request_uri":"\/uploads\/defaults\/student.png","normalized_uri":"uploads\\defaults\\student.png","file_path":"F:\\GG store\\Uni-Link\\backend\\uploads\\defaults\\student.png","file_exists":false,"is_file":false,"is_dir":false,"parent_dir_exists":false}
[28-Apr-2026 16:32:50 Europe/Berlin] Static file request - URI: /uploads/defaults/professor.png, Normalized: uploads\defaults\professor.png, Path: F:\GG store\Uni-Link\backend\uploads\defaults\professor.png, Exists: no, IsFile: no
[28-Apr-2026 16:32:50 Europe/Berlin] Static file not found: {"request_uri":"\/uploads\/defaults\/professor.png","normalized_uri":"uploads\\defaults\\professor.png","file_path":"F:\\GG store\\Uni-Link\\backend\\uploads\\defaults\\professor.png","file_exists":false,"is_file":false,"is_dir":false,"parent_dir_exists":false}
[28-Apr-2026 16:33:10 Europe/Berlin] AuthService: Login attempt for identifier: 'youssefpls9@gmail.com'
[28-Apr-2026 16:33:10 Europe/Berlin] UserRepository: Searching for user with identifier: 'youssefpls9@gmail.com'
[28-Apr-2026 16:33:10 Europe/Berlin] UserRepository: No user found with identifier: 'youssefpls9@gmail.com'
[28-Apr-2026 16:33:10 Europe/Berlin] UserRepository: Total users in database: 3
[28-Apr-2026 16:33:10 Europe/Berlin] AuthService: Login failed - Account not found for identifier: 'youssefpls9@gmail.com'
[28-Apr-2026 16:33:10 Europe/Berlin] AuthService: Login exception - User 'youssefpls9@gmail.com' does not exist in our database. (Code: 404)
[28-Apr-2026 16:33:23 Europe/Berlin] AuthService: Login attempt for identifier: 'admin'
[28-Apr-2026 16:33:23 Europe/Berlin] UserRepository: Searching for user with identifier: 'admin'
[28-Apr-2026 16:33:23 Europe/Berlin] UserRepository: User found - ID: 1, Username: admin, Email: admin@unilink.com, Role: ADMIN
[28-Apr-2026 16:33:23 Europe/Berlin] AuthService: User found, verifying password for user ID: 1
[28-Apr-2026 16:33:23 Europe/Berlin] AuthService: Password verified successfully for user ID: 1
[28-Apr-2026 16:33:23 Europe/Berlin] AuthService - User ID: 1, DB Role: 'ADMIN', Normalized Role: 'ADMIN'
[28-Apr-2026 16:33:23 Europe/Berlin] AuthService - Model Role: 'Admin'
[28-Apr-2026 16:33:23 Europe/Berlin] Session created for user: 1, Session ID: ct8e7qiovu5tbhebe18kjrbbb7
[28-Apr-2026 16:33:23 Europe/Berlin] Session data: {"user":{"id":1,"username":"admin","email":"admin@unilink.com","role":"Admin","profile_image":null}}
[28-Apr-2026 16:33:23 Europe/Berlin] Login redirect - User ID: 1, Role: 'Admin', Uppercase: 'ADMIN', Redirect: '/admin/dashboard'
[28-Apr-2026 16:33:24 Europe/Berlin] Checking session, Session ID: qd3toidbr4vpf9bt5rehoq32eo
[28-Apr-2026 16:33:24 Europe/Berlin] Session data: []
[28-Apr-2026 16:33:24 Europe/Berlin] getCurrentUser - User data: null
[28-Apr-2026 16:33:24 Europe/Berlin] getCurrentUser - Response data: {"authenticated":false,"user":null}
[28-Apr-2026 16:33:34 Europe/Berlin] AuthService: Login attempt for identifier: 'admin'
[28-Apr-2026 16:33:34 Europe/Berlin] UserRepository: Searching for user with identifier: 'admin'
[28-Apr-2026 16:33:34 Europe/Berlin] UserRepository: User found - ID: 1, Username: admin, Email: admin@unilink.com, Role: ADMIN
[28-Apr-2026 16:33:34 Europe/Berlin] AuthService: User found, verifying password for user ID: 1
[28-Apr-2026 16:33:34 Europe/Berlin] AuthService: Password verified successfully for user ID: 1
[28-Apr-2026 16:33:34 Europe/Berlin] AuthService - User ID: 1, DB Role: 'ADMIN', Normalized Role: 'ADMIN'
[28-Apr-2026 16:33:34 Europe/Berlin] AuthService - Model Role: 'Admin'
[28-Apr-2026 16:33:34 Europe/Berlin] Session created for user: 1, Session ID: vaer7e0rit8qqpu5kl97nvvkfa
[28-Apr-2026 16:33:34 Europe/Berlin] Session data: {"user":{"id":1,"username":"admin","email":"admin@unilink.com","role":"Admin","profile_image":null}}
[28-Apr-2026 16:33:34 Europe/Berlin] Login redirect - User ID: 1, Role: 'Admin', Uppercase: 'ADMIN', Redirect: '/admin/dashboard'
[28-Apr-2026 16:33:35 Europe/Berlin] Checking session, Session ID: 2cauu3fnvl0614thu45usvv4q0
[28-Apr-2026 16:33:35 Europe/Berlin] Session data: []
[28-Apr-2026 16:33:35 Europe/Berlin] getCurrentUser - User data: null
[28-Apr-2026 16:33:35 Europe/Berlin] getCurrentUser - Response data: {"authenticated":false,"user":null}
[28-Apr-2026 16:34:07 Europe/Berlin] Checking session, Session ID: ptufg88fg6k7vtct8con89a29l
[28-Apr-2026 16:34:07 Europe/Berlin] Session data: []
[28-Apr-2026 16:34:07 Europe/Berlin] getCurrentUser - User data: null
[28-Apr-2026 16:34:07 Europe/Berlin] getCurrentUser - Response data: {"authenticated":false,"user":null}
[30-Apr-2026 01:30:21 Europe/Berlin] Checking session, Session ID: 1b41f9221q2623kf70pkm41gt0
[30-Apr-2026 01:30:22 Europe/Berlin] Session data: []
[30-Apr-2026 01:30:22 Europe/Berlin] getCurrentUser - User data: null
[30-Apr-2026 01:30:22 Europe/Berlin] getCurrentUser - Response data: {"authenticated":false,"user":null}
[30-Apr-2026 01:31:23 Europe/Berlin] AuthService: Login attempt for identifier: 'admin'
[30-Apr-2026 01:31:23 Europe/Berlin] UserRepository: Searching for user with identifier: 'admin'
[30-Apr-2026 01:31:23 Europe/Berlin] UserRepository: User found - ID: 1, Username: admin, Email: admin@unilink.com, Role: ADMIN
[30-Apr-2026 01:31:23 Europe/Berlin] AuthService: User found, verifying password for user ID: 1
[30-Apr-2026 01:31:23 Europe/Berlin] AuthService: Login failed - Incorrect password for user ID: 1
[30-Apr-2026 01:31:23 Europe/Berlin] AuthService: Login exception - Incorrect password for the given user. (Code: 401)
[30-Apr-2026 01:31:24 Europe/Berlin] AuthService: Login attempt for identifier: 'admin'
[30-Apr-2026 01:31:24 Europe/Berlin] UserRepository: Searching for user with identifier: 'admin'
[30-Apr-2026 01:31:24 Europe/Berlin] UserRepository: User found - ID: 1, Username: admin, Email: admin@unilink.com, Role: ADMIN
[30-Apr-2026 01:31:24 Europe/Berlin] AuthService: User found, verifying password for user ID: 1
[30-Apr-2026 01:31:25 Europe/Berlin] AuthService: Password verified successfully for user ID: 1
[30-Apr-2026 01:31:25 Europe/Berlin] AuthService - User ID: 1, DB Role: 'ADMIN', Normalized Role: 'ADMIN'
[30-Apr-2026 01:31:25 Europe/Berlin] AuthService - Model Role: 'Admin'
[30-Apr-2026 01:31:25 Europe/Berlin] Session created for user: 1, Session ID: 1b41f9221q2623kf70pkm41gt0
[30-Apr-2026 01:31:25 Europe/Berlin] Session data: {"user":{"id":1,"username":"admin","email":"admin@unilink.com","role":"Admin","profile_image":null}}
[30-Apr-2026 01:31:25 Europe/Berlin] Login redirect - User ID: 1, Role: 'Admin', Uppercase: 'ADMIN', Redirect: '/admin/dashboard'
[30-Apr-2026 01:31:26 Europe/Berlin] Checking session, Session ID: 1b41f9221q2623kf70pkm41gt0
[30-Apr-2026 01:31:26 Europe/Berlin] Session data: {"user":{"id":1,"username":"admin","email":"admin@unilink.com","role":"Admin","profile_image":null}}
[30-Apr-2026 01:31:26 Europe/Berlin] getCurrentUser - User data: {"id":1,"username":"admin","email":"admin@unilink.com","role":"Admin","profile_image":null}
[30-Apr-2026 01:31:26 Europe/Berlin] getCurrentUser - Response data: {"authenticated":true,"user":{"id":1,"username":"admin","email":"admin@unilink.com","role":"Admin","profile_image":null}}
[30-Apr-2026 01:31:39 Europe/Berlin] AuthService: Login attempt for identifier: 'student'
[30-Apr-2026 01:31:39 Europe/Berlin] UserRepository: Searching for user with identifier: 'student'
[30-Apr-2026 01:31:39 Europe/Berlin] UserRepository: User found - ID: 2, Username: student, Email: student@unilink.com, Role: STUDENT
[30-Apr-2026 01:31:39 Europe/Berlin] AuthService: User found, verifying password for user ID: 2
[30-Apr-2026 01:31:39 Europe/Berlin] AuthService: Password verified successfully for user ID: 2
[30-Apr-2026 01:31:39 Europe/Berlin] AuthService - User ID: 2, DB Role: 'STUDENT', Normalized Role: 'STUDENT'
[30-Apr-2026 01:31:39 Europe/Berlin] AuthService - Model Role: 'Student'
[30-Apr-2026 01:31:39 Europe/Berlin] Session created for user: 2, Session ID: 1b41f9221q2623kf70pkm41gt0
[30-Apr-2026 01:31:39 Europe/Berlin] Session data: {"user":{"id":2,"username":"student","email":"student@unilink.com","role":"Student","profile_image":null}}
[30-Apr-2026 01:31:39 Europe/Berlin] Login redirect - User ID: 2, Role: 'Student', Uppercase: 'STUDENT', Redirect: '/posts'
[30-Apr-2026 01:39:17 Europe/Berlin] Gamification: Awarded 10 points to User 2 for Created a post
[30-Apr-2026 01:39:44 Europe/Berlin] Gamification: Awarded 10 points to User 2 for Created a post
[30-Apr-2026 01:46:03 Europe/Berlin] Incoming request data: {"name":"1111","password":"123456","faculty_id":"3","professor_id":"3"}
[30-Apr-2026 01:46:04 Europe/Berlin] Filtering complete. Data for repository: {"name":"1111","password":"123456","faculty_id":"3","professor_id":"3","photo_url":"public\/uploads\/room_photos\/69f2983bd3447_1777506363.png","owner_id":2}
[30-Apr-2026 01:46:04 Europe/Berlin] Static file request - URI: /public/uploads/room_photos/69f2983bd3447_1777506363.png, Normalized: public\uploads\room_photos\69f2983bd3447_1777506363.png, Path: F:\GG store\Uni-Link\backend\public\uploads\room_photos\69f2983bd3447_1777506363.png, Exists: yes, IsFile: yes
[30-Apr-2026 01:46:08 Europe/Berlin] MentionHandler: Sender username: student
[30-Apr-2026 01:46:08 Europe/Berlin] MentionHandler: Processing message content: cc
[30-Apr-2026 01:46:08 Europe/Berlin] MentionHandler: Found 0 potential mentions: []
[30-Apr-2026 01:46:08 Europe/Berlin] MentionHandler: No mentions found in message
[30-Apr-2026 01:47:15 Europe/Berlin] MentionHandler: Sender username: student
[30-Apr-2026 01:47:15 Europe/Berlin] MentionHandler: Processing message content: Voice message
[30-Apr-2026 01:47:15 Europe/Berlin] MentionHandler: Found 0 potential mentions: []
[30-Apr-2026 01:47:15 Europe/Berlin] MentionHandler: No mentions found in message
[30-Apr-2026 01:47:15 Europe/Berlin] Static file request - URI: /public/uploads/chat/chat_69f29883ddde0.webm, Normalized: public\uploads\chat\chat_69f29883ddde0.webm, Path: F:\GG store\Uni-Link\backend\public\uploads\chat\chat_69f29883ddde0.webm, Exists: yes, IsFile: yes
[30-Apr-2026 01:52:01 Europe/Berlin] Static file request - URI: /public/uploads/media/media_69f296c08165e.png, Normalized: public\uploads\media\media_69f296c08165e.png, Path: F:\GG store\Uni-Link\backend\public\uploads\media\media_69f296c08165e.png, Exists: yes, IsFile: yes
[30-Apr-2026 01:52:04 Europe/Berlin] Checking session, Session ID: 1b41f9221q2623kf70pkm41gt0
[30-Apr-2026 01:52:04 Europe/Berlin] Session data: {"user":{"id":2,"username":"student","email":"student@unilink.com","role":"Student","profile_image":null}}
[30-Apr-2026 01:52:04 Europe/Berlin] getCurrentUser - User data: {"id":2,"username":"student","email":"student@unilink.com","role":"Student","profile_image":null}
[30-Apr-2026 01:52:04 Europe/Berlin] getCurrentUser - Response data: {"authenticated":true,"user":{"id":2,"username":"student","email":"student@unilink.com","role":"Student","profile_image":null}}
[30-Apr-2026 01:57:51 Europe/Berlin] Checking session, Session ID: 1b41f9221q2623kf70pkm41gt0
[30-Apr-2026 01:57:51 Europe/Berlin] Session data: {"user":{"id":2,"username":"student","email":"student@unilink.com","role":"Student","profile_image":null}}
[30-Apr-2026 01:57:51 Europe/Berlin] getCurrentUser - User data: {"id":2,"username":"student","email":"student@unilink.com","role":"Student","profile_image":null}
[30-Apr-2026 01:57:51 Europe/Berlin] getCurrentUser - Response data: {"authenticated":true,"user":{"id":2,"username":"student","email":"student@unilink.com","role":"Student","profile_image":null}}
[30-Apr-2026 02:00:44 Europe/Berlin] Checking session, Session ID: 1b41f9221q2623kf70pkm41gt0
[30-Apr-2026 02:00:44 Europe/Berlin] Session data: {"user":{"id":2,"username":"student","email":"student@unilink.com","role":"Student","profile_image":null}}
[30-Apr-2026 02:00:44 Europe/Berlin] getCurrentUser - User data: {"id":2,"username":"student","email":"student@unilink.com","role":"Student","profile_image":null}
[30-Apr-2026 02:00:44 Europe/Berlin] getCurrentUser - Response data: {"authenticated":true,"user":{"id":2,"username":"student","email":"student@unilink.com","role":"Student","profile_image":null}}
[30-Apr-2026 02:03:42 Europe/Berlin] Checking session, Session ID: 1b41f9221q2623kf70pkm41gt0
[30-Apr-2026 02:03:42 Europe/Berlin] Session data: {"user":{"id":2,"username":"student","email":"student@unilink.com","role":"Student","profile_image":null}}
[30-Apr-2026 02:03:42 Europe/Berlin] getCurrentUser - User data: {"id":2,"username":"student","email":"student@unilink.com","role":"Student","profile_image":null}
[30-Apr-2026 02:03:42 Europe/Berlin] getCurrentUser - Response data: {"authenticated":true,"user":{"id":2,"username":"student","email":"student@unilink.com","role":"Student","profile_image":null}}
[30-Apr-2026 02:04:20 Europe/Berlin] Checking session, Session ID: 1b41f9221q2623kf70pkm41gt0
[30-Apr-2026 02:04:20 Europe/Berlin] Session data: {"user":{"id":2,"username":"student","email":"student@unilink.com","role":"Student","profile_image":null}}
[30-Apr-2026 02:04:20 Europe/Berlin] getCurrentUser - User data: {"id":2,"username":"student","email":"student@unilink.com","role":"Student","profile_image":null}
[30-Apr-2026 02:04:20 Europe/Berlin] getCurrentUser - Response data: {"authenticated":true,"user":{"id":2,"username":"student","email":"student@unilink.com","role":"Student","profile_image":null}}
[30-Apr-2026 02:05:45 Europe/Berlin] Checking session, Session ID: 1b41f9221q2623kf70pkm41gt0
[30-Apr-2026 02:05:45 Europe/Berlin] Session data: {"user":{"id":2,"username":"student","email":"student@unilink.com","role":"Student","profile_image":null}}
[30-Apr-2026 02:05:45 Europe/Berlin] getCurrentUser - User data: {"id":2,"username":"student","email":"student@unilink.com","role":"Student","profile_image":null}
[30-Apr-2026 02:05:45 Europe/Berlin] getCurrentUser - Response data: {"authenticated":true,"user":{"id":2,"username":"student","email":"student@unilink.com","role":"Student","profile_image":null}}
[30-Apr-2026 02:08:05 Europe/Berlin] Checking session, Session ID: 1b41f9221q2623kf70pkm41gt0
[30-Apr-2026 02:08:05 Europe/Berlin] Session data: {"user":{"id":2,"username":"student","email":"student@unilink.com","role":"Student","profile_image":null}}
[30-Apr-2026 02:08:05 Europe/Berlin] getCurrentUser - User data: {"id":2,"username":"student","email":"student@unilink.com","role":"Student","profile_image":null}
[30-Apr-2026 02:08:05 Europe/Berlin] getCurrentUser - Response data: {"authenticated":true,"user":{"id":2,"username":"student","email":"student@unilink.com","role":"Student","profile_image":null}}
[30-Apr-2026 02:08:11 Europe/Berlin] Checking session, Session ID: 1b41f9221q2623kf70pkm41gt0
[30-Apr-2026 02:08:11 Europe/Berlin] Session data: {"user":{"id":2,"username":"student","email":"student@unilink.com","role":"Student","profile_image":null}}
[30-Apr-2026 02:08:11 Europe/Berlin] getCurrentUser - User data: {"id":2,"username":"student","email":"student@unilink.com","role":"Student","profile_image":null}
[30-Apr-2026 02:08:11 Europe/Berlin] getCurrentUser - Response data: {"authenticated":true,"user":{"id":2,"username":"student","email":"student@unilink.com","role":"Student","profile_image":null}}
[30-Apr-2026 02:08:13 Europe/Berlin] Static file request - URI: /public/uploads/media/media_69f296c08165e.png, Normalized: public\uploads\media\media_69f296c08165e.png, Path: F:\GG store\Uni-Link\backend\public\uploads\media\media_69f296c08165e.png, Exists: yes, IsFile: yes
[30-Apr-2026 02:08:33 Europe/Berlin] AuthService: Login attempt for identifier: 'professor'
[30-Apr-2026 02:08:33 Europe/Berlin] UserRepository: Searching for user with identifier: 'professor'
[30-Apr-2026 02:08:33 Europe/Berlin] UserRepository: User found - ID: 3, Username: professor, Email: prof@unilink.com, Role: PROFESSOR
[30-Apr-2026 02:08:33 Europe/Berlin] AuthService: User found, verifying password for user ID: 3
[30-Apr-2026 02:08:33 Europe/Berlin] AuthService: Password verified successfully for user ID: 3
[30-Apr-2026 02:08:33 Europe/Berlin] AuthService - User ID: 3, DB Role: 'PROFESSOR', Normalized Role: 'PROFESSOR'
[30-Apr-2026 02:08:33 Europe/Berlin] AuthService - Model Role: 'Professor'
[30-Apr-2026 02:08:33 Europe/Berlin] Session created for user: 3, Session ID: 1b41f9221q2623kf70pkm41gt0
[30-Apr-2026 02:08:33 Europe/Berlin] Session data: {"user":{"id":3,"username":"professor","email":"prof@unilink.com","role":"Professor","profile_image":null}}
[30-Apr-2026 02:08:33 Europe/Berlin] Login redirect - User ID: 3, Role: 'Professor', Uppercase: 'PROFESSOR', Redirect: '/professor'
[30-Apr-2026 02:08:34 Europe/Berlin] Checking session, Session ID: 1b41f9221q2623kf70pkm41gt0
[30-Apr-2026 02:08:34 Europe/Berlin] Session data: {"user":{"id":3,"username":"professor","email":"prof@unilink.com","role":"Professor","profile_image":null}}
[30-Apr-2026 02:08:34 Europe/Berlin] getCurrentUser - User data: {"id":3,"username":"professor","email":"prof@unilink.com","role":"Professor","profile_image":null}
[30-Apr-2026 02:08:34 Europe/Berlin] getCurrentUser - Response data: {"authenticated":true,"user":{"id":3,"username":"professor","email":"prof@unilink.com","role":"Professor","profile_image":null}}
[30-Apr-2026 02:08:56 Europe/Berlin] AuthService: Login attempt for identifier: 'student'
[30-Apr-2026 02:08:56 Europe/Berlin] UserRepository: Searching for user with identifier: 'student'
[30-Apr-2026 02:08:56 Europe/Berlin] UserRepository: User found - ID: 2, Username: student, Email: student@unilink.com, Role: STUDENT
[30-Apr-2026 02:08:56 Europe/Berlin] AuthService: User found, verifying password for user ID: 2
[30-Apr-2026 02:08:56 Europe/Berlin] AuthService: Password verified successfully for user ID: 2
[30-Apr-2026 02:08:56 Europe/Berlin] AuthService - User ID: 2, DB Role: 'STUDENT', Normalized Role: 'STUDENT'
[30-Apr-2026 02:08:56 Europe/Berlin] AuthService - Model Role: 'Student'
[30-Apr-2026 02:08:56 Europe/Berlin] Session created for user: 2, Session ID: 1b41f9221q2623kf70pkm41gt0
[30-Apr-2026 02:08:56 Europe/Berlin] Session data: {"user":{"id":2,"username":"student","email":"student@unilink.com","role":"Student","profile_image":null}}
[30-Apr-2026 02:08:56 Europe/Berlin] Login redirect - User ID: 2, Role: 'Student', Uppercase: 'STUDENT', Redirect: '/posts'
[30-Apr-2026 02:08:57 Europe/Berlin] Static file request - URI: /public/uploads/media/media_69f296c08165e.png, Normalized: public\uploads\media\media_69f296c08165e.png, Path: F:\GG store\Uni-Link\backend\public\uploads\media\media_69f296c08165e.png, Exists: yes, IsFile: yes
[30-Apr-2026 02:08:58 Europe/Berlin] Checking session, Session ID: 1b41f9221q2623kf70pkm41gt0
[30-Apr-2026 02:08:58 Europe/Berlin] Session data: {"user":{"id":2,"username":"student","email":"student@unilink.com","role":"Student","profile_image":null}}
[30-Apr-2026 02:08:58 Europe/Berlin] getCurrentUser - User data: {"id":2,"username":"student","email":"student@unilink.com","role":"Student","profile_image":null}
[30-Apr-2026 02:08:58 Europe/Berlin] getCurrentUser - Response data: {"authenticated":true,"user":{"id":2,"username":"student","email":"student@unilink.com","role":"Student","profile_image":null}}
[30-Apr-2026 02:09:16 Europe/Berlin] Static file request - URI: /public/uploads/media/media_69f296c08165e.png, Normalized: public\uploads\media\media_69f296c08165e.png, Path: F:\GG store\Uni-Link\backend\public\uploads\media\media_69f296c08165e.png, Exists: yes, IsFile: yes
[30-Apr-2026 02:09:38 Europe/Berlin] AuthService: Login attempt for identifier: 'professor'
[30-Apr-2026 02:09:38 Europe/Berlin] UserRepository: Searching for user with identifier: 'professor'
[30-Apr-2026 02:09:38 Europe/Berlin] UserRepository: User found - ID: 3, Username: professor, Email: prof@unilink.com, Role: PROFESSOR
[30-Apr-2026 02:09:38 Europe/Berlin] AuthService: User found, verifying password for user ID: 3
[30-Apr-2026 02:09:38 Europe/Berlin] AuthService: Password verified successfully for user ID: 3
[30-Apr-2026 02:09:38 Europe/Berlin] AuthService - User ID: 3, DB Role: 'PROFESSOR', Normalized Role: 'PROFESSOR'
[30-Apr-2026 02:09:38 Europe/Berlin] AuthService - Model Role: 'Professor'
[30-Apr-2026 02:09:38 Europe/Berlin] Session created for user: 3, Session ID: 1b41f9221q2623kf70pkm41gt0
[30-Apr-2026 02:09:38 Europe/Berlin] Session data: {"user":{"id":3,"username":"professor","email":"prof@unilink.com","role":"Professor","profile_image":null}}
[30-Apr-2026 02:09:38 Europe/Berlin] Login redirect - User ID: 3, Role: 'Professor', Uppercase: 'PROFESSOR', Redirect: '/professor'
[30-Apr-2026 02:09:39 Europe/Berlin] Checking session, Session ID: 1b41f9221q2623kf70pkm41gt0
[30-Apr-2026 02:09:39 Europe/Berlin] Session data: {"user":{"id":3,"username":"professor","email":"prof@unilink.com","role":"Professor","profile_image":null}}
[30-Apr-2026 02:09:39 Europe/Berlin] getCurrentUser - User data: {"id":3,"username":"professor","email":"prof@unilink.com","role":"Professor","profile_image":null}
[30-Apr-2026 02:09:39 Europe/Berlin] getCurrentUser - Response data: {"authenticated":true,"user":{"id":3,"username":"professor","email":"prof@unilink.com","role":"Professor","profile_image":null}}
[30-Apr-2026 02:10:38 Europe/Berlin] AuthService: Login attempt for identifier: 'admin'
[30-Apr-2026 02:10:38 Europe/Berlin] UserRepository: Searching for user with identifier: 'admin'
[30-Apr-2026 02:10:38 Europe/Berlin] UserRepository: User found - ID: 1, Username: admin, Email: admin@unilink.com, Role: ADMIN
[30-Apr-2026 02:10:38 Europe/Berlin] AuthService: User found, verifying password for user ID: 1
[30-Apr-2026 02:10:38 Europe/Berlin] AuthService: Password verified successfully for user ID: 1
[30-Apr-2026 02:10:38 Europe/Berlin] AuthService - User ID: 1, DB Role: 'ADMIN', Normalized Role: 'ADMIN'
[30-Apr-2026 02:10:38 Europe/Berlin] AuthService - Model Role: 'Admin'
[30-Apr-2026 02:10:38 Europe/Berlin] Session created for user: 1, Session ID: 1b41f9221q2623kf70pkm41gt0
[30-Apr-2026 02:10:38 Europe/Berlin] Session data: {"user":{"id":1,"username":"admin","email":"admin@unilink.com","role":"Admin","profile_image":null}}
[30-Apr-2026 02:10:38 Europe/Berlin] Login redirect - User ID: 1, Role: 'Admin', Uppercase: 'ADMIN', Redirect: '/admin/dashboard'
[30-Apr-2026 02:10:40 Europe/Berlin] Checking session, Session ID: 1b41f9221q2623kf70pkm41gt0
[30-Apr-2026 02:10:40 Europe/Berlin] Session data: {"user":{"id":1,"username":"admin","email":"admin@unilink.com","role":"Admin","profile_image":null}}
[30-Apr-2026 02:10:40 Europe/Berlin] getCurrentUser - User data: {"id":1,"username":"admin","email":"admin@unilink.com","role":"Admin","profile_image":null}
[30-Apr-2026 02:10:40 Europe/Berlin] getCurrentUser - Response data: {"authenticated":true,"user":{"id":1,"username":"admin","email":"admin@unilink.com","role":"Admin","profile_image":null}}
[30-Apr-2026 02:20:27 Europe/Berlin] Checking session, Session ID: 1b41f9221q2623kf70pkm41gt0
[30-Apr-2026 02:20:27 Europe/Berlin] Session data: {"user":{"id":1,"username":"admin","email":"admin@unilink.com","role":"Admin","profile_image":null}}
[30-Apr-2026 02:20:27 Europe/Berlin] getCurrentUser - User data: {"id":1,"username":"admin","email":"admin@unilink.com","role":"Admin","profile_image":null}
[30-Apr-2026 02:20:27 Europe/Berlin] getCurrentUser - Response data: {"authenticated":true,"user":{"id":1,"username":"admin","email":"admin@unilink.com","role":"Admin","profile_image":null}}
